Using pre-set license
Built from '2020.3/release' branch; Version is '2020.3.7f1 (dd97f2c94397) revision 14522354'; Using compiler version '192528614'; Build Type 'Release'
OS: 'Windows 10 Home; OS build 19045.2130; Version 2009; 64bit' Language: 'en' Physical Memory: 16240 MB
BatchMode: 1, IsHumanControllingUs: 0, StartBugReporterOnCrash: 0, Is64bit: 1, IsPro: 0

 COMMAND LINE ARGUMENTS:
C:\Program Files\Unity\Hub\Editor\2020.3.7f1\Editor\Unity.exe
-adb2
-batchMode
-noUpm
-name
AssetImportWorker0
-projectPath
C:/Users/sebag/Documents/School/Badges/Repo/PTiA/PTia
-logFile
Logs/AssetImportWorker0.log
-srvPort
56753
Successfully changed project path to: C:/Users/sebag/Documents/School/Badges/Repo/PTiA/PTia
C:/Users/sebag/Documents/School/Badges/Repo/PTiA/PTia
Using Asset Import Pipeline V2.
Refreshing native plugins compatible for Editor in 41.40 ms, found 0 plugins.
Preloading 0 native plugins for Editor in 0.00 ms.
Initialize engine version: 2020.3.7f1 (dd97f2c94397)
[Subsystems] Discovering subsystems at path C:/Program Files/Unity/Hub/Editor/2020.3.7f1/Editor/Data/Resources/UnitySubsystems
[Subsystems] Discovering subsystems at path C:/Users/sebag/Documents/School/Badges/Repo/PTiA/PTia/Assets
GfxDevice: creating device client; threaded=0
Direct3D:
    Version:  Direct3D 11.0 [level 11.1]
    Renderer: NVIDIA GeForce GTX 1060 (ID=0x1c20)
    Vendor:   
    VRAM:     6043 MB
    Driver:   31.0.15.2647
Initialize mono
Mono path[0] = 'C:/Program Files/Unity/Hub/Editor/2020.3.7f1/Editor/Data/Managed'
Mono path[1] = 'C:/Program Files/Unity/Hub/Editor/2020.3.7f1/Editor/Data/MonoBleedingEdge/lib/mono/unityjit'
Mono config path = 'C:/Program Files/Unity/Hub/Editor/2020.3.7f1/Editor/Data/MonoBleedingEdge/etc'
Using monoOptions --debugger-agent=transport=dt_socket,embedding=1,server=y,suspend=n,address=127.0.0.1:56348
Begin MonoManager ReloadAssembly
Registering precompiled unity dll's ...
Register platform support module: C:/Program Files/Unity/Hub/Editor/2020.3.7f1/Editor/Data/PlaybackEngines/WindowsStandaloneSupport/UnityEditor.WindowsStandalone.Extensions.dll
Registered in 0.004777 seconds.
Native extension for WindowsStandalone target not found
Refreshing native plugins compatible for Editor in 49.58 ms, found 0 plugins.
Preloading 0 native plugins for Editor in 0.00 ms.
Mono: successfully reloaded assembly
- Completed reload, in  1.776 seconds
Platform modules already initialized, skipping
Registering precompiled user dll's ...
Registered in 0.002643 seconds.
Begin MonoManager ReloadAssembly
Native extension for WindowsStandalone target not found
Refreshing native plugins compatible for Editor in 0.28 ms, found 0 plugins.
Preloading 0 native plugins for Editor in 0.00 ms.
Mono: successfully reloaded assembly
- Completed reload, in  1.316 seconds
Platform modules already initialized, skipping
========================================================================
Worker process is ready to serve import requests
Launched and connected shader compiler UnityShaderCompiler.exe after 0.25 seconds
Refreshing native plugins compatible for Editor in 0.24 ms, found 0 plugins.
Preloading 0 native plugins for Editor in 0.00 ms.
Unloading 1124 Unused Serialized files (Serialized files now loaded: 0)
System memory in use before: 57.4 MB.
System memory in use after: 57.4 MB.

Unloading 10 unused Assets to reduce memory usage. Loaded Objects now: 1567.
Total: 3.968700 ms (FindLiveObjects: 0.247900 ms CreateObjectMapping: 0.081200 ms MarkObjects: 3.485700 ms  DeleteObjects: 0.152200 ms)

========================================================================
Received Import Request.
  path: Assets/NewPlan/_Scripts
  artifactKey: Guid(95c48d2e46346f04ba61ee1592e6b517) Importer(815301076,1909f56bfc062723c751e8b465ee728b)
Start importing Assets/NewPlan/_Scripts using Guid(95c48d2e46346f04ba61ee1592e6b517) Importer(815301076,1909f56bfc062723c751e8b465ee728b)  -> (artifact id: 'ae448656478832a38c18d0846e1194e1') in 0.008526 seconds
  Import took 0.011586 seconds .

========================================================================
Received Import Request.
  Time since last request: 0.000436 seconds.
  path: Assets/NewPlan/_Scripts/Circles.cs
  artifactKey: Guid(f5234cfac7f9c97409827dfb8402b256) Importer(815301076,1909f56bfc062723c751e8b465ee728b)
Start importing Assets/NewPlan/_Scripts/Circles.cs using Guid(f5234cfac7f9c97409827dfb8402b256) Importer(815301076,1909f56bfc062723c751e8b465ee728b)  -> (artifact id: '399b0793b1938bfce6f05f7af0763790') in 0.047604 seconds
  Import took 0.050225 seconds .

