Using pre-set license
Built from '2020.3/release' branch; Version is '2020.3.7f1 (dd97f2c94397) revision 14522354'; Using compiler version '192528614'; Build Type 'Release'
OS: 'Windows 10 Home; OS build 19045.2130; Version 2009; 64bit' Language: 'en' Physical Memory: 16240 MB
BatchMode: 1, IsHumanControllingUs: 0, StartBugReporterOnCrash: 0, Is64bit: 1, IsPro: 0

 COMMAND LINE ARGUMENTS:
C:\Program Files\Unity\Hub\Editor\2020.3.7f1\Editor\Unity.exe
-adb2
-batchMode
-noUpm
-name
AssetImportWorker0
-projectPath
C:/Users/sebag/Documents/School/Badges/Repo/PTiA/PTia
-logFile
Logs/AssetImportWorker0.log
-srvPort
65133
Successfully changed project path to: C:/Users/sebag/Documents/School/Badges/Repo/PTiA/PTia
C:/Users/sebag/Documents/School/Badges/Repo/PTiA/PTia
Using Asset Import Pipeline V2.
Refreshing native plugins compatible for Editor in 34.75 ms, found 0 plugins.
Preloading 0 native plugins for Editor in 0.00 ms.
Initialize engine version: 2020.3.7f1 (dd97f2c94397)
[Subsystems] Discovering subsystems at path C:/Program Files/Unity/Hub/Editor/2020.3.7f1/Editor/Data/Resources/UnitySubsystems
[Subsystems] Discovering subsystems at path C:/Users/sebag/Documents/School/Badges/Repo/PTiA/PTia/Assets
GfxDevice: creating device client; threaded=0
Direct3D:
    Version:  Direct3D 11.0 [level 11.1]
    Renderer: NVIDIA GeForce GTX 1060 (ID=0x1c20)
    Vendor:   
    VRAM:     6043 MB
    Driver:   31.0.15.2647
Initialize mono
Mono path[0] = 'C:/Program Files/Unity/Hub/Editor/2020.3.7f1/Editor/Data/Managed'
Mono path[1] = 'C:/Program Files/Unity/Hub/Editor/2020.3.7f1/Editor/Data/MonoBleedingEdge/lib/mono/unityjit'
Mono config path = 'C:/Program Files/Unity/Hub/Editor/2020.3.7f1/Editor/Data/MonoBleedingEdge/etc'
Using monoOptions --debugger-agent=transport=dt_socket,embedding=1,server=y,suspend=n,address=127.0.0.1:56492
Begin MonoManager ReloadAssembly
Registering precompiled unity dll's ...
Register platform support module: C:/Program Files/Unity/Hub/Editor/2020.3.7f1/Editor/Data/PlaybackEngines/WindowsStandaloneSupport/UnityEditor.WindowsStandalone.Extensions.dll
Registered in 0.003501 seconds.
Native extension for WindowsStandalone target not found
Refreshing native plugins compatible for Editor in 25.42 ms, found 0 plugins.
Preloading 0 native plugins for Editor in 0.00 ms.
Mono: successfully reloaded assembly
- Completed reload, in  1.236 seconds
Platform modules already initialized, skipping
Registering precompiled user dll's ...
Registered in 0.000854 seconds.
Begin MonoManager ReloadAssembly
Native extension for WindowsStandalone target not found
Refreshing native plugins compatible for Editor in 0.25 ms, found 0 plugins.
Preloading 0 native plugins for Editor in 0.00 ms.
Mono: successfully reloaded assembly
- Completed reload, in  1.283 seconds
Platform modules already initialized, skipping
========================================================================
Worker process is ready to serve import requests
Launched and connected shader compiler UnityShaderCompiler.exe after 0.19 seconds
Refreshing native plugins compatible for Editor in 0.59 ms, found 0 plugins.
Preloading 0 native plugins for Editor in 0.00 ms.
Unloading 1115 Unused Serialized files (Serialized files now loaded: 0)
System memory in use before: 57.1 MB.
System memory in use after: 57.1 MB.

Unloading 10 unused Assets to reduce memory usage. Loaded Objects now: 1557.
Total: 3.489900 ms (FindLiveObjects: 0.410200 ms CreateObjectMapping: 0.200000 ms MarkObjects: 2.726800 ms  DeleteObjects: 0.151200 ms)

========================================================================
Received Import Request.
  path: Assets/Scenes
  artifactKey: Guid(31e1f40e78dc5c74a997d959d031e54b) Importer(815301076,1909f56bfc062723c751e8b465ee728b)
Start importing Assets/Scenes using Guid(31e1f40e78dc5c74a997d959d031e54b) Importer(815301076,1909f56bfc062723c751e8b465ee728b)  -> (artifact id: '6ebeecdd53360b8a2af73d507af2c11d') in 0.016045 seconds
  Import took 0.019238 seconds .

========================================================================
Received Import Request.
  Time since last request: 0.000299 seconds.
  path: Assets/Scenes/SampleScene.unity
  artifactKey: Guid(9fc0d4010bbf28b4594072e72b8655ab) Importer(815301076,1909f56bfc062723c751e8b465ee728b)
Start importing Assets/Scenes/SampleScene.unity using Guid(9fc0d4010bbf28b4594072e72b8655ab) Importer(815301076,1909f56bfc062723c751e8b465ee728b)  -> (artifact id: '73375568fee951cd03f03eadad72722f') in 0.024186 seconds
  Import took 0.029095 seconds .

========================================================================
Received Import Request.
  Time since last request: 620.922106 seconds.
  path: Assets/Scenes/Main Scene.unity
  artifactKey: Guid(9fc0d4010bbf28b4594072e72b8655ab) Importer(815301076,1909f56bfc062723c751e8b465ee728b)
Start importing Assets/Scenes/Main Scene.unity using Guid(9fc0d4010bbf28b4594072e72b8655ab) Importer(815301076,1909f56bfc062723c751e8b465ee728b)  -> (artifact id: '43a230c2388b6c1cb92dc283e284faff') in 0.011874 seconds
  Import took 0.015109 seconds .

========================================================================
Received Import Request.
  Time since last request: 143.615641 seconds.
  path: ProjectSettings/TagManager.asset
  artifactKey: Guid(00000000000000003000000000000000) Importer(815301076,1909f56bfc062723c751e8b465ee728b)
Start importing ProjectSettings/TagManager.asset using Guid(00000000000000003000000000000000) Importer(815301076,1909f56bfc062723c751e8b465ee728b)  -> (artifact id: 'f0680538e3bf6205c8fcff5f1ca17e6d') in 0.096066 seconds
  Import took 0.099195 seconds .

========================================================================
Received Prepare
Registering precompiled user dll's ...
Registered in 0.001037 seconds.
Begin MonoManager ReloadAssembly
Native extension for WindowsStandalone target not found
Refreshing native plugins compatible for Editor in 0.39 ms, found 0 plugins.
Preloading 0 native plugins for Editor in 0.00 ms.
Mono: successfully reloaded assembly
- Completed reload, in  1.141 seconds
Platform modules already initialized, skipping
Refreshing native plugins compatible for Editor in 0.21 ms, found 0 plugins.
Preloading 0 native plugins for Editor in 0.00 ms.
Unloading 1111 Unused Serialized files (Serialized files now loaded: 0)
System memory in use before: 57.0 MB.
System memory in use after: 57.1 MB.

Unloading 6 unused Assets to reduce memory usage. Loaded Objects now: 1561.
Total: 1.795000 ms (FindLiveObjects: 0.110800 ms CreateObjectMapping: 0.030500 ms MarkObjects: 1.604300 ms  DeleteObjects: 0.048700 ms)

========================================================================
Received Prepare
Registering precompiled user dll's ...
Registered in 0.000994 seconds.
Begin MonoManager ReloadAssembly
Native extension for WindowsStandalone target not found
Refreshing native plugins compatible for Editor in 1.02 ms, found 0 plugins.
Preloading 0 native plugins for Editor in 0.00 ms.
Mono: successfully reloaded assembly
- Completed reload, in  3.029 seconds
Platform modules already initialized, skipping
Refreshing native plugins compatible for Editor in 0.90 ms, found 0 plugins.
Preloading 0 native plugins for Editor in 0.00 ms.
Unloading 1112 Unused Serialized files (Serialized files now loaded: 0)
System memory in use before: 57.1 MB.
System memory in use after: 57.1 MB.

Unloading 5 unused Assets to reduce memory usage. Loaded Objects now: 1565.
Total: 64.426700 ms (FindLiveObjects: 0.394300 ms CreateObjectMapping: 0.123600 ms MarkObjects: 63.180500 ms  DeleteObjects: 0.725100 ms)

========================================================================
Received Prepare
Registering precompiled user dll's ...
Registered in 0.001473 seconds.
Begin MonoManager ReloadAssembly
Native extension for WindowsStandalone target not found
Refreshing native plugins compatible for Editor in 0.60 ms, found 0 plugins.
Preloading 0 native plugins for Editor in 0.00 ms.
Mono: successfully reloaded assembly
- Completed reload, in  2.291 seconds
Platform modules already initialized, skipping
Refreshing native plugins compatible for Editor in 0.54 ms, found 0 plugins.
Preloading 0 native plugins for Editor in 0.00 ms.
Unloading 1112 Unused Serialized files (Serialized files now loaded: 0)
System memory in use before: 57.1 MB.
System memory in use after: 57.2 MB.

Unloading 5 unused Assets to reduce memory usage. Loaded Objects now: 1568.
Total: 7.557200 ms (FindLiveObjects: 0.548100 ms CreateObjectMapping: 0.083100 ms MarkObjects: 6.839500 ms  DeleteObjects: 0.082700 ms)

========================================================================
Received Import Request.
  Time since last request: 851.774460 seconds.
  path: Assets/Obstacle.cs
  artifactKey: Guid(1b137e3d4d5025c409ee0f6ddca1ae3f) Importer(815301076,1909f56bfc062723c751e8b465ee728b)
Start importing Assets/Obstacle.cs using Guid(1b137e3d4d5025c409ee0f6ddca1ae3f) Importer(815301076,1909f56bfc062723c751e8b465ee728b)  -> (artifact id: 'a31c325c454a159dd0d78633e929ed96') in 0.030607 seconds
  Import took 0.034313 seconds .

========================================================================
Received Prepare
Registering precompiled user dll's ...
Registered in 0.001098 seconds.
Begin MonoManager ReloadAssembly
Native extension for WindowsStandalone target not found
Refreshing native plugins compatible for Editor in 0.25 ms, found 0 plugins.
Preloading 0 native plugins for Editor in 0.00 ms.
Mono: successfully reloaded assembly
- Completed reload, in  1.692 seconds
Platform modules already initialized, skipping
Refreshing native plugins compatible for Editor in 0.38 ms, found 0 plugins.
Preloading 0 native plugins for Editor in 0.00 ms.
Unloading 1112 Unused Serialized files (Serialized files now loaded: 0)
System memory in use before: 57.1 MB.
System memory in use after: 57.2 MB.

Unloading 5 unused Assets to reduce memory usage. Loaded Objects now: 1571.
Total: 3.163900 ms (FindLiveObjects: 0.308700 ms CreateObjectMapping: 0.092400 ms MarkObjects: 2.680500 ms  DeleteObjects: 0.080500 ms)

========================================================================
Received Import Request.
  Time since last request: 237.850035 seconds.
  path: Assets/Obstacle.cs
  artifactKey: Guid(1b137e3d4d5025c409ee0f6ddca1ae3f) Importer(815301076,1909f56bfc062723c751e8b465ee728b)
Start importing Assets/Obstacle.cs using Guid(1b137e3d4d5025c409ee0f6ddca1ae3f) Importer(815301076,1909f56bfc062723c751e8b465ee728b)  -> (artifact id: '3b4dea5b403ba3e437801fa0fe48c8f1') in 0.005526 seconds
  Import took 0.008002 seconds .

========================================================================
Received Prepare
Registering precompiled user dll's ...
Registered in 0.002564 seconds.
Begin MonoManager ReloadAssembly
Native extension for WindowsStandalone target not found
Refreshing native plugins compatible for Editor in 0.41 ms, found 0 plugins.
Preloading 0 native plugins for Editor in 0.00 ms.
Mono: successfully reloaded assembly
- Completed reload, in  3.858 seconds
Platform modules already initialized, skipping
Refreshing native plugins compatible for Editor in 0.36 ms, found 0 plugins.
Preloading 0 native plugins for Editor in 0.00 ms.
Unloading 1112 Unused Serialized files (Serialized files now loaded: 0)
System memory in use before: 57.1 MB.
System memory in use after: 57.2 MB.

Unloading 5 unused Assets to reduce memory usage. Loaded Objects now: 1574.
Total: 3.650400 ms (FindLiveObjects: 0.266100 ms CreateObjectMapping: 0.057300 ms MarkObjects: 3.186900 ms  DeleteObjects: 0.137700 ms)

========================================================================
Received Prepare
Registering precompiled user dll's ...
Registered in 0.001012 seconds.
Begin MonoManager ReloadAssembly
Native extension for WindowsStandalone target not found
Refreshing native plugins compatible for Editor in 0.38 ms, found 0 plugins.
Preloading 0 native plugins for Editor in 0.00 ms.
Mono: successfully reloaded assembly
- Completed reload, in  2.019 seconds
Platform modules already initialized, skipping
Refreshing native plugins compatible for Editor in 0.71 ms, found 0 plugins.
Preloading 0 native plugins for Editor in 0.00 ms.
Unloading 1112 Unused Serialized files (Serialized files now loaded: 0)
System memory in use before: 57.1 MB.
System memory in use after: 57.2 MB.

Unloading 5 unused Assets to reduce memory usage. Loaded Objects now: 1577.
Total: 2.610300 ms (FindLiveObjects: 0.172900 ms CreateObjectMapping: 0.054900 ms MarkObjects: 2.301200 ms  DeleteObjects: 0.078900 ms)

========================================================================
Received Import Request.
  Time since last request: 2578.260221 seconds.
  path: Assets
  artifactKey: Guid(00000000000000001000000000000000) Importer(815301076,1909f56bfc062723c751e8b465ee728b)
Start importing Assets using Guid(00000000000000001000000000000000) Importer(815301076,1909f56bfc062723c751e8b465ee728b)  -> (artifact id: '5f6a1853b736837ecfb0820a881449cb') in 0.026830 seconds
  Import took 0.032342 seconds .

========================================================================
Received Import Request.
  Time since last request: 6.613762 seconds.
  path: Assets/_Scripts
  artifactKey: Guid(14d2aef5d3376964c9acc592f32b7bde) Importer(815301076,1909f56bfc062723c751e8b465ee728b)
Start importing Assets/_Scripts using Guid(14d2aef5d3376964c9acc592f32b7bde) Importer(815301076,1909f56bfc062723c751e8b465ee728b)  -> (artifact id: 'b9ed60ba4a2e7218da736e6c310ba0a0') in 0.015812 seconds
  Import took 0.019146 seconds .

========================================================================
Received Import Request.
  Time since last request: 4.885118 seconds.
  path: Assets/Prefabs
  artifactKey: Guid(988d7173b74ca1c43befa1ddb30ab9c8) Importer(815301076,1909f56bfc062723c751e8b465ee728b)
Start importing Assets/Prefabs using Guid(988d7173b74ca1c43befa1ddb30ab9c8) Importer(815301076,1909f56bfc062723c751e8b465ee728b)  -> (artifact id: '06982cd1d38155882550bd63f051de26') in 0.012235 seconds
  Import took 0.020700 seconds .

========================================================================
Received Import Request.
  Time since last request: 5.959803 seconds.
  path: Assets/Materials
  artifactKey: Guid(c36f78384fd99684fae28bd953a5388b) Importer(815301076,1909f56bfc062723c751e8b465ee728b)
Start importing Assets/Materials using Guid(c36f78384fd99684fae28bd953a5388b) Importer(815301076,1909f56bfc062723c751e8b465ee728b)  -> (artifact id: '08dcf7481b89ca461d3d9b959ace8506') in 0.041304 seconds
  Import took 0.045401 seconds .

========================================================================
Received Import Request.
  Time since last request: 1.618421 seconds.
  path: Assets/Object.cs
  artifactKey: Guid(953a35266ffb9f84995a224b545af7e9) Importer(815301076,1909f56bfc062723c751e8b465ee728b)
Start importing Assets/Object.cs using Guid(953a35266ffb9f84995a224b545af7e9) Importer(815301076,1909f56bfc062723c751e8b465ee728b)  -> (artifact id: '7df8bcdbe1b87d1f57c28ed4cc37350f') in 0.012105 seconds
  Import took 0.015625 seconds .

========================================================================
Received Import Request.
  Time since last request: 0.001357 seconds.
  path: Assets/Object.cs
  artifactKey: Guid(953a35266ffb9f84995a224b545af7e9) Importer(815301076,1909f56bfc062723c751e8b465ee728b)
Start importing Assets/Object.cs using Guid(953a35266ffb9f84995a224b545af7e9) Importer(815301076,1909f56bfc062723c751e8b465ee728b)  -> (artifact id: '7df8bcdbe1b87d1f57c28ed4cc37350f') in 0.005914 seconds
  Import took 0.010179 seconds .

========================================================================
Received Prepare
Registering precompiled user dll's ...
Registered in 0.001285 seconds.
Begin MonoManager ReloadAssembly
Native extension for WindowsStandalone target not found
Refreshing native plugins compatible for Editor in 0.34 ms, found 0 plugins.
Preloading 0 native plugins for Editor in 0.00 ms.
Mono: successfully reloaded assembly
- Completed reload, in  1.519 seconds
Platform modules already initialized, skipping
Refreshing native plugins compatible for Editor in 0.25 ms, found 0 plugins.
Preloading 0 native plugins for Editor in 0.00 ms.
Unloading 1112 Unused Serialized files (Serialized files now loaded: 0)
System memory in use before: 57.1 MB.
System memory in use after: 57.2 MB.

Unloading 5 unused Assets to reduce memory usage. Loaded Objects now: 1580.
Total: 2.330600 ms (FindLiveObjects: 0.179700 ms CreateObjectMapping: 0.047700 ms MarkObjects: 2.032100 ms  DeleteObjects: 0.069600 ms)

========================================================================
Received Import Request.
  Time since last request: 20.077500 seconds.
  path: Assets/Prefabs/Obstacle.prefab
  artifactKey: Guid(5693dcfee43c44b4a8ff4fbddedd6008) Importer(815301076,1909f56bfc062723c751e8b465ee728b)
Start importing Assets/Prefabs/Obstacle.prefab using Guid(5693dcfee43c44b4a8ff4fbddedd6008) Importer(815301076,1909f56bfc062723c751e8b465ee728b)  -> (artifact id: '697e47029bfcc30acd53b7fff88e49c8') in 0.162603 seconds
  Import took 0.165033 seconds .

========================================================================
Received Prepare
Registering precompiled user dll's ...
Registered in 0.000932 seconds.
Begin MonoManager ReloadAssembly
Native extension for WindowsStandalone target not found
Refreshing native plugins compatible for Editor in 0.44 ms, found 0 plugins.
Preloading 0 native plugins for Editor in 0.00 ms.
Mono: successfully reloaded assembly
- Completed reload, in  1.758 seconds
Platform modules already initialized, skipping
Refreshing native plugins compatible for Editor in 0.24 ms, found 0 plugins.
Preloading 0 native plugins for Editor in 0.00 ms.
Unloading 1113 Unused Serialized files (Serialized files now loaded: 0)
System memory in use before: 60.3 MB.
System memory in use after: 60.4 MB.

Unloading 6 unused Assets to reduce memory usage. Loaded Objects now: 1592.
Total: 1.587100 ms (FindLiveObjects: 0.155800 ms CreateObjectMapping: 0.044200 ms MarkObjects: 1.336400 ms  DeleteObjects: 0.049300 ms)

========================================================================
Received Prepare
Registering precompiled user dll's ...
Registered in 0.002018 seconds.
Begin MonoManager ReloadAssembly
Native extension for WindowsStandalone target not found
Refreshing native plugins compatible for Editor in 0.30 ms, found 0 plugins.
Preloading 0 native plugins for Editor in 0.00 ms.
Mono: successfully reloaded assembly
- Completed reload, in  1.460 seconds
Platform modules already initialized, skipping
Refreshing native plugins compatible for Editor in 0.47 ms, found 0 plugins.
Preloading 0 native plugins for Editor in 0.00 ms.
Unloading 1113 Unused Serialized files (Serialized files now loaded: 0)
System memory in use before: 60.3 MB.
System memory in use after: 60.4 MB.

Unloading 5 unused Assets to reduce memory usage. Loaded Objects now: 1595.
Total: 2.346600 ms (FindLiveObjects: 0.160600 ms CreateObjectMapping: 0.044200 ms MarkObjects: 2.088600 ms  DeleteObjects: 0.052100 ms)

========================================================================
Received Import Request.
  Time since last request: 1276.847913 seconds.
  path: Assets/_Scripts/Obstacle.cs
  artifactKey: Guid(1b137e3d4d5025c409ee0f6ddca1ae3f) Importer(815301076,1909f56bfc062723c751e8b465ee728b)
Start importing Assets/_Scripts/Obstacle.cs using Guid(1b137e3d4d5025c409ee0f6ddca1ae3f) Importer(815301076,1909f56bfc062723c751e8b465ee728b)  -> (artifact id: 'fb314d2d2c6b1ed89a07ecae0d42e5e5') in 0.005913 seconds
  Import took 0.009462 seconds .

========================================================================
Received Prepare
Registering precompiled user dll's ...
Registered in 0.001281 seconds.
Begin MonoManager ReloadAssembly
Native extension for WindowsStandalone target not found
Refreshing native plugins compatible for Editor in 0.71 ms, found 0 plugins.
Preloading 0 native plugins for Editor in 0.00 ms.
Mono: successfully reloaded assembly
- Completed reload, in  1.995 seconds
Platform modules already initialized, skipping
Refreshing native plugins compatible for Editor in 0.30 ms, found 0 plugins.
Preloading 0 native plugins for Editor in 0.00 ms.
Unloading 1113 Unused Serialized files (Serialized files now loaded: 0)
System memory in use before: 60.3 MB.
System memory in use after: 60.4 MB.

Unloading 5 unused Assets to reduce memory usage. Loaded Objects now: 1598.
Total: 4.554200 ms (FindLiveObjects: 0.645800 ms CreateObjectMapping: 0.102200 ms MarkObjects: 3.730300 ms  DeleteObjects: 0.073000 ms)

========================================================================
Received Import Request.
  Time since last request: 546.237234 seconds.
  path: Packages/com.unity.collab-proxy/Editor/Assets/Icons/added-file-dark.png
  artifactKey: Guid(1a4f52b613391cd449af3ad2e44affeb) Importer(815301076,1909f56bfc062723c751e8b465ee728b)
Start importing Packages/com.unity.collab-proxy/Editor/Assets/Icons/added-file-dark.png using Guid(1a4f52b613391cd449af3ad2e44affeb) Importer(815301076,1909f56bfc062723c751e8b465ee728b)  -> (artifact id: '1e2529642cfc30d8294903e5a78d5885') in 0.224924 seconds
  Import took 0.228229 seconds .

========================================================================
Received Import Request.
  Time since last request: 0.000391 seconds.
  path: Packages/com.unity.collab-proxy/Editor/Assets/Icons/choose-mine-dark.png
  artifactKey: Guid(a972d8b163b45d54b89085acf50327e8) Importer(815301076,1909f56bfc062723c751e8b465ee728b)
Start importing Packages/com.unity.collab-proxy/Editor/Assets/Icons/choose-mine-dark.png using Guid(a972d8b163b45d54b89085acf50327e8) Importer(815301076,1909f56bfc062723c751e8b465ee728b)  -> (artifact id: '4c70c56b2a017a80d2f8a2e927df8461') in 0.023201 seconds
  Import took 0.027033 seconds .

========================================================================
Received Import Request.
  Time since last request: 0.000300 seconds.
  path: Packages/com.unity.textmeshpro/Editor Resources/Textures/btn_AlignMidline_Light.psd
  artifactKey: Guid(bb42b2d967d6427983c901a4ffc8ecd9) Importer(815301076,1909f56bfc062723c751e8b465ee728b)
Start importing Packages/com.unity.textmeshpro/Editor Resources/Textures/btn_AlignMidline_Light.psd using Guid(bb42b2d967d6427983c901a4ffc8ecd9) Importer(815301076,1909f56bfc062723c751e8b465ee728b)  -> (artifact id: '09ab3d26e498b31db865a85c2dbb0f09') in 0.041550 seconds
  Import took 0.045396 seconds .

========================================================================
Received Import Request.
  Time since last request: 0.000345 seconds.
  path: Packages/com.unity.textmeshpro/Editor Resources/Textures/btn_AlignBaseLine_Light.psd
  artifactKey: Guid(18775b51e3bd42299fd30bd036ea982f) Importer(815301076,1909f56bfc062723c751e8b465ee728b)
Start importing Packages/com.unity.textmeshpro/Editor Resources/Textures/btn_AlignBaseLine_Light.psd using Guid(18775b51e3bd42299fd30bd036ea982f) Importer(815301076,1909f56bfc062723c751e8b465ee728b)  -> (artifact id: '6eefa5380b933eff7bc8b9478f74b101') in 0.023682 seconds
  Import took 0.028816 seconds .

========================================================================
Received Import Request.
  Time since last request: 0.000288 seconds.
  path: Packages/com.unity.textmeshpro/Editor Resources/Textures/btn_AlignLeft.psd
  artifactKey: Guid(9288066c33474b94b6ee5465f4df1cc0) Importer(815301076,1909f56bfc062723c751e8b465ee728b)
Start importing Packages/com.unity.textmeshpro/Editor Resources/Textures/btn_AlignLeft.psd using Guid(9288066c33474b94b6ee5465f4df1cc0) Importer(815301076,1909f56bfc062723c751e8b465ee728b)  -> (artifact id: 'adca83f1b797f41bdf437ea4cf126708') in 0.024591 seconds
  Import took 0.028270 seconds .

========================================================================
Received Import Request.
  Time since last request: 0.000363 seconds.
  path: Packages/com.unity.collab-proxy/Editor/Assets/Icons/choose-mine-dark@2x.png
  artifactKey: Guid(39c95c5cb14167543b9aa5908c94bb71) Importer(815301076,1909f56bfc062723c751e8b465ee728b)
Start importing Packages/com.unity.collab-proxy/Editor/Assets/Icons/choose-mine-dark@2x.png using Guid(39c95c5cb14167543b9aa5908c94bb71) Importer(815301076,1909f56bfc062723c751e8b465ee728b)  -> (artifact id: '0346c3c73101aabe3d06c4d7e100dff8') in 0.027705 seconds
  Import took 0.031829 seconds .

========================================================================
Received Import Request.
  Time since last request: 0.000303 seconds.
  path: Packages/com.unity.textmeshpro/Editor Resources/Textures/btn_AlignCapLine.psd
  artifactKey: Guid(0d9a36012a224080966c7b55896aa0f9) Importer(815301076,1909f56bfc062723c751e8b465ee728b)
Start importing Packages/com.unity.textmeshpro/Editor Resources/Textures/btn_AlignCapLine.psd using Guid(0d9a36012a224080966c7b55896aa0f9) Importer(815301076,1909f56bfc062723c751e8b465ee728b)  -> (artifact id: 'ea7eb9f28b146b6719489eb5f43d207b') in 0.029316 seconds
  Import took 0.033531 seconds .

========================================================================
Received Import Request.
  Time since last request: 0.000269 seconds.
  path: Packages/com.unity.textmeshpro/Editor Resources/Textures/btn_AlignRight_Light.psd
  artifactKey: Guid(e05ace3bd15740cda0bad60d89092a5b) Importer(815301076,1909f56bfc062723c751e8b465ee728b)
Start importing Packages/com.unity.textmeshpro/Editor Resources/Textures/btn_AlignRight_Light.psd using Guid(e05ace3bd15740cda0bad60d89092a5b) Importer(815301076,1909f56bfc062723c751e8b465ee728b)  -> (artifact id: 'a799c0bcc02ec57557b2ffd2647cfc6c') in 0.029339 seconds
  Import took 0.032911 seconds .

========================================================================
Received Import Request.
  Time since last request: 0.000291 seconds.
  path: Packages/com.unity.textmeshpro/Editor Resources/Textures/btn_AlignJustified.psd
  artifactKey: Guid(92027f7f8cfc4feaa477da0dc38d3d46) Importer(815301076,1909f56bfc062723c751e8b465ee728b)
Start importing Packages/com.unity.textmeshpro/Editor Resources/Textures/btn_AlignJustified.psd using Guid(92027f7f8cfc4feaa477da0dc38d3d46) Importer(815301076,1909f56bfc062723c751e8b465ee728b)  -> (artifact id: 'bddfb382a6ed458fbfd3dab9d1b78115') in 0.032586 seconds
  Import took 0.037249 seconds .

========================================================================
Received Import Request.
  Time since last request: 0.000349 seconds.
  path: Packages/com.unity.collab-proxy/Editor/Assets/Icons/back-light@2x.png
  artifactKey: Guid(f5c57327df0fa294c8209aa216435167) Importer(815301076,1909f56bfc062723c751e8b465ee728b)
Start importing Packages/com.unity.collab-proxy/Editor/Assets/Icons/back-light@2x.png using Guid(f5c57327df0fa294c8209aa216435167) Importer(815301076,1909f56bfc062723c751e8b465ee728b)  -> (artifact id: 'a50fbeb9d2b9824627cb18939161238d') in 0.051043 seconds
  Import took 0.056848 seconds .

========================================================================
Received Import Request.
  Time since last request: 0.000567 seconds.
  path: Packages/com.unity.textmeshpro/Editor Resources/Textures/btn_AlignFlush_Light.psd
  artifactKey: Guid(64b9fad609434c489c32b1cdf2004a1c) Importer(815301076,1909f56bfc062723c751e8b465ee728b)
Start importing Packages/com.unity.textmeshpro/Editor Resources/Textures/btn_AlignFlush_Light.psd using Guid(64b9fad609434c489c32b1cdf2004a1c) Importer(815301076,1909f56bfc062723c751e8b465ee728b)  -> (artifact id: '5321448b2544694e6f7b65cc8130c074') in 0.032898 seconds
  Import took 0.038728 seconds .

========================================================================
Received Import Request.
  Time since last request: 0.000438 seconds.
  path: Packages/com.unity.textmeshpro/Editor Resources/Textures/btn_AlignCenterGeo.psd
  artifactKey: Guid(c76700ea0062413d9f69409b4e9e151b) Importer(815301076,1909f56bfc062723c751e8b465ee728b)
Start importing Packages/com.unity.textmeshpro/Editor Resources/Textures/btn_AlignCenterGeo.psd using Guid(c76700ea0062413d9f69409b4e9e151b) Importer(815301076,1909f56bfc062723c751e8b465ee728b)  -> (artifact id: '0e5f30ea6a1e453b300470eeb78b666c') in 0.026977 seconds
  Import took 0.031177 seconds .

========================================================================
Received Import Request.
  Time since last request: 0.000292 seconds.
  path: Packages/com.unity.textmeshpro/Editor Resources/Textures/btn_AlignFlush.psd
  artifactKey: Guid(691475c57a824010be0c6f474caeb7e1) Importer(815301076,1909f56bfc062723c751e8b465ee728b)
Start importing Packages/com.unity.textmeshpro/Editor Resources/Textures/btn_AlignFlush.psd using Guid(691475c57a824010be0c6f474caeb7e1) Importer(815301076,1909f56bfc062723c751e8b465ee728b)  -> (artifact id: '068c46bcfd9a47e70026a29330ab0219') in 0.027294 seconds
  Import took 0.030395 seconds .

========================================================================
Received Import Request.
  Time since last request: 0.000254 seconds.
  path: Packages/com.unity.textmeshpro/Editor Resources/Textures/btn_AlignBottom.psd
  artifactKey: Guid(ca51b19024094d1b87f3e07edb0a75fb) Importer(815301076,1909f56bfc062723c751e8b465ee728b)
Start importing Packages/com.unity.textmeshpro/Editor Resources/Textures/btn_AlignBottom.psd using Guid(ca51b19024094d1b87f3e07edb0a75fb) Importer(815301076,1909f56bfc062723c751e8b465ee728b)  -> (artifact id: 'b92adf8381a1538de4a65a77189b4a99') in 0.025836 seconds
  Import took 0.029358 seconds .

========================================================================
Received Import Request.
  Time since last request: 0.000253 seconds.
  path: Packages/com.unity.textmeshpro/Editor Resources/Textures/btn_AlignMidLine.psd
  artifactKey: Guid(c2f7f6a88b4c4f20a53deb72f3d9144c) Importer(815301076,1909f56bfc062723c751e8b465ee728b)
Start importing Packages/com.unity.textmeshpro/Editor Resources/Textures/btn_AlignMidLine.psd using Guid(c2f7f6a88b4c4f20a53deb72f3d9144c) Importer(815301076,1909f56bfc062723c751e8b465ee728b)  -> (artifact id: 'cc47f58752d0d463e43140bca940d989') in 0.025996 seconds
  Import took 0.029148 seconds .

========================================================================
Received Import Request.
  Time since last request: 0.000274 seconds.
  path: Packages/com.unity.collab-proxy/Editor/Assets/Icons/back-dark.png
  artifactKey: Guid(8e3ec2dfd58b79842aa78376678a9a05) Importer(815301076,1909f56bfc062723c751e8b465ee728b)
Start importing Packages/com.unity.collab-proxy/Editor/Assets/Icons/back-dark.png using Guid(8e3ec2dfd58b79842aa78376678a9a05) Importer(815301076,1909f56bfc062723c751e8b465ee728b)  -> (artifact id: '19677cc49a8aa6b0080b3a9d6e81f3dc') in 0.025019 seconds
  Import took 0.030143 seconds .

========================================================================
Received Import Request.
  Time since last request: 0.000327 seconds.
  path: Packages/com.unity.textmeshpro/Editor Resources/Textures/btn_AlignCenter.psd
  artifactKey: Guid(81ed8c76d2bc4a4c95d092c98af4e58f) Importer(815301076,1909f56bfc062723c751e8b465ee728b)
Start importing Packages/com.unity.textmeshpro/Editor Resources/Textures/btn_AlignCenter.psd using Guid(81ed8c76d2bc4a4c95d092c98af4e58f) Importer(815301076,1909f56bfc062723c751e8b465ee728b)  -> (artifact id: 'e20a253de8372de6aee007d9ff21f9dd') in 0.022512 seconds
  Import took 0.026186 seconds .

========================================================================
Received Import Request.
  Time since last request: 0.000321 seconds.
  path: Packages/com.unity.textmeshpro/Editor Resources/Textures/btn_AlignCenterGeo_Light.psd
  artifactKey: Guid(35ff0937876540d3bd4b6a941df62a92) Importer(815301076,1909f56bfc062723c751e8b465ee728b)
Start importing Packages/com.unity.textmeshpro/Editor Resources/Textures/btn_AlignCenterGeo_Light.psd using Guid(35ff0937876540d3bd4b6a941df62a92) Importer(815301076,1909f56bfc062723c751e8b465ee728b)  -> (artifact id: 'ce7710ee9340fb862de4759dd259aed2') in 0.027497 seconds
  Import took 0.032621 seconds .

========================================================================
Received Import Request.
  Time since last request: 0.000305 seconds.
  path: Packages/com.unity.textmeshpro/Editor Resources/Textures/btn_AlignLeft_Light.psd
  artifactKey: Guid(12736c98af174f91827a26b66d2b01b9) Importer(815301076,1909f56bfc062723c751e8b465ee728b)
Start importing Packages/com.unity.textmeshpro/Editor Resources/Textures/btn_AlignLeft_Light.psd using Guid(12736c98af174f91827a26b66d2b01b9) Importer(815301076,1909f56bfc062723c751e8b465ee728b)  -> (artifact id: '71ccb0ff92bdea246d9e5e3f5767e114') in 0.027339 seconds
  Import took 0.030850 seconds .

========================================================================
Received Import Request.
  Time since last request: 0.000284 seconds.
  path: Packages/com.unity.textmeshpro/Editor Resources/Textures/btn_AlignCenter_Light.psd
  artifactKey: Guid(6ace62d30f494c948b71d5594afce11d) Importer(815301076,1909f56bfc062723c751e8b465ee728b)
Start importing Packages/com.unity.textmeshpro/Editor Resources/Textures/btn_AlignCenter_Light.psd using Guid(6ace62d30f494c948b71d5594afce11d) Importer(815301076,1909f56bfc062723c751e8b465ee728b)  -> (artifact id: 'd59b4156d7abf6f710fcc748ee622dc3') in 0.025080 seconds
  Import took 0.029172 seconds .

========================================================================
Received Import Request.
  Time since last request: 0.000301 seconds.
  path: Packages/com.unity.textmeshpro/Editor Resources/Textures/btn_AlignBottom_Light.psd
  artifactKey: Guid(585b70cb75dd43efbfead809c30a1731) Importer(815301076,1909f56bfc062723c751e8b465ee728b)
Start importing Packages/com.unity.textmeshpro/Editor Resources/Textures/btn_AlignBottom_Light.psd using Guid(585b70cb75dd43efbfead809c30a1731) Importer(815301076,1909f56bfc062723c751e8b465ee728b)  -> (artifact id: '122f8a9cd1631dee41a3681667189bcd') in 0.023077 seconds
  Import took 0.026613 seconds .

========================================================================
Received Import Request.
  Time since last request: 0.000315 seconds.
  path: Packages/com.unity.collab-proxy/Editor/Assets/Icons/back-dark@2x.png
  artifactKey: Guid(9c6313a5316f8a34b852bf94ff96e3ab) Importer(815301076,1909f56bfc062723c751e8b465ee728b)
Start importing Packages/com.unity.collab-proxy/Editor/Assets/Icons/back-dark@2x.png using Guid(9c6313a5316f8a34b852bf94ff96e3ab) Importer(815301076,1909f56bfc062723c751e8b465ee728b)  -> (artifact id: '729f661e94aaa703e5c6e33476da3c71') in 0.030761 seconds
  Import took 0.035532 seconds .

========================================================================
Received Import Request.
  Time since last request: 0.000308 seconds.
  path: Packages/com.unity.textmeshpro/Editor Resources/Textures/btn_AlignRight.psd
  artifactKey: Guid(342a0f8aca7f4f0691338912faec0494) Importer(815301076,1909f56bfc062723c751e8b465ee728b)
Start importing Packages/com.unity.textmeshpro/Editor Resources/Textures/btn_AlignRight.psd using Guid(342a0f8aca7f4f0691338912faec0494) Importer(815301076,1909f56bfc062723c751e8b465ee728b)  -> (artifact id: '6a9a7c5be7437b7838135e8a534e87d5') in 0.022637 seconds
  Import took 0.026725 seconds .

========================================================================
Received Import Request.
  Time since last request: 0.000281 seconds.
  path: Packages/com.unity.textmeshpro/Editor Resources/Textures/btn_AlignTop.psd
  artifactKey: Guid(48d034c499ee4697af9dd6e327110249) Importer(815301076,1909f56bfc062723c751e8b465ee728b)
Start importing Packages/com.unity.textmeshpro/Editor Resources/Textures/btn_AlignTop.psd using Guid(48d034c499ee4697af9dd6e327110249) Importer(815301076,1909f56bfc062723c751e8b465ee728b)  -> (artifact id: '32c35bc9ee6cf2b07900a66f3dc629ea') in 0.027487 seconds
  Import took 0.030624 seconds .

========================================================================
Received Import Request.
  Time since last request: 0.000405 seconds.
  path: Packages/com.unity.collab-proxy/Editor/Assets/Icons/added-file-dark@2x.png
  artifactKey: Guid(c223e0c507e2c6549a2cb97441b62cbe) Importer(815301076,1909f56bfc062723c751e8b465ee728b)
Start importing Packages/com.unity.collab-proxy/Editor/Assets/Icons/added-file-dark@2x.png using Guid(c223e0c507e2c6549a2cb97441b62cbe) Importer(815301076,1909f56bfc062723c751e8b465ee728b)  -> (artifact id: '3c21761041289bfab4fbd39db16221cd') in 0.025615 seconds
  Import took 0.029368 seconds .

========================================================================
Received Import Request.
  Time since last request: 0.000276 seconds.
  path: Packages/com.unity.textmeshpro/Editor Resources/Textures/btn_AlignTop_Light.psd
  artifactKey: Guid(ed041e68439749a69d0efa0e3d896c2e) Importer(815301076,1909f56bfc062723c751e8b465ee728b)
Start importing Packages/com.unity.textmeshpro/Editor Resources/Textures/btn_AlignTop_Light.psd using Guid(ed041e68439749a69d0efa0e3d896c2e) Importer(815301076,1909f56bfc062723c751e8b465ee728b)  -> (artifact id: 'c091e1d9fe7422e046f3c9c6aaa1484d') in 0.025601 seconds
  Import took 0.029918 seconds .

========================================================================
Received Import Request.
  Time since last request: 0.000640 seconds.
  path: Packages/com.unity.collab-proxy/Editor/Assets/Icons/choose-mine-light.png
  artifactKey: Guid(2c0bdcbf152ceb64ba9b01cc370a9092) Importer(815301076,1909f56bfc062723c751e8b465ee728b)
Start importing Packages/com.unity.collab-proxy/Editor/Assets/Icons/choose-mine-light.png using Guid(2c0bdcbf152ceb64ba9b01cc370a9092) Importer(815301076,1909f56bfc062723c751e8b465ee728b)  -> (artifact id: '940d083bcbd3fc1fb2773921fd029f3d') in 0.023033 seconds
  Import took 0.027171 seconds .

========================================================================
Received Import Request.
  Time since last request: 0.000272 seconds.
  path: Packages/com.unity.collab-proxy/Editor/Assets/Icons/added-file-light@2x.png
  artifactKey: Guid(ec2e3aa6d0ab8ce4eac29b56d65d61d5) Importer(815301076,1909f56bfc062723c751e8b465ee728b)
Start importing Packages/com.unity.collab-proxy/Editor/Assets/Icons/added-file-light@2x.png using Guid(ec2e3aa6d0ab8ce4eac29b56d65d61d5) Importer(815301076,1909f56bfc062723c751e8b465ee728b)  -> (artifact id: 'ff726399bbda235ef66a650fa6d75f77') in 0.025391 seconds
  Import took 0.029461 seconds .

========================================================================
Received Import Request.
  Time since last request: 0.000260 seconds.
  path: Packages/com.unity.textmeshpro/Editor Resources/Textures/btn_AlignMiddle_Light.psd
  artifactKey: Guid(066619c9c9c84f89acb1b48c11a7efe2) Importer(815301076,1909f56bfc062723c751e8b465ee728b)
Start importing Packages/com.unity.textmeshpro/Editor Resources/Textures/btn_AlignMiddle_Light.psd using Guid(066619c9c9c84f89acb1b48c11a7efe2) Importer(815301076,1909f56bfc062723c751e8b465ee728b)  -> (artifact id: 'f2ed85fa1db65a74fc62549e31536ec3') in 0.024222 seconds
  Import took 0.027638 seconds .

========================================================================
Received Import Request.
  Time since last request: 0.000312 seconds.
  path: Packages/com.unity.collab-proxy/Editor/Assets/Icons/back-light.png
  artifactKey: Guid(e676ab7aa99535447a763c9f88bf9260) Importer(815301076,1909f56bfc062723c751e8b465ee728b)
Start importing Packages/com.unity.collab-proxy/Editor/Assets/Icons/back-light.png using Guid(e676ab7aa99535447a763c9f88bf9260) Importer(815301076,1909f56bfc062723c751e8b465ee728b)  -> (artifact id: '905af421a2e1ff327788ef979f17c919') in 0.031246 seconds
  Import took 0.034246 seconds .

========================================================================
Received Import Request.
  Time since last request: 0.000272 seconds.
  path: Packages/com.unity.textmeshpro/Editor Resources/Textures/btn_AlignBaseLine.psd
  artifactKey: Guid(8bc445bb79654bf496c92d0407840a92) Importer(815301076,1909f56bfc062723c751e8b465ee728b)
Start importing Packages/com.unity.textmeshpro/Editor Resources/Textures/btn_AlignBaseLine.psd using Guid(8bc445bb79654bf496c92d0407840a92) Importer(815301076,1909f56bfc062723c751e8b465ee728b)  -> (artifact id: '2576456a60b7bb5b146de06cfc9735c0') in 0.024882 seconds
  Import took 0.028102 seconds .

========================================================================
Received Import Request.
  Time since last request: 0.000319 seconds.
  path: Packages/com.unity.textmeshpro/Editor Resources/Textures/btn_AlignJustified_Light.psd
  artifactKey: Guid(fa6bd40a216346b783a4cce741d277a5) Importer(815301076,1909f56bfc062723c751e8b465ee728b)
Start importing Packages/com.unity.textmeshpro/Editor Resources/Textures/btn_AlignJustified_Light.psd using Guid(fa6bd40a216346b783a4cce741d277a5) Importer(815301076,1909f56bfc062723c751e8b465ee728b)  -> (artifact id: 'dba316ae0654d940c73570b33fde7ee1') in 0.023150 seconds
  Import took 0.026700 seconds .

========================================================================
Received Import Request.
  Time since last request: 0.000251 seconds.
  path: Packages/com.unity.textmeshpro/Editor Resources/Textures/btn_AlignCapLine_Light.psd
  artifactKey: Guid(49679f302ac6408697f6b9314a38985c) Importer(815301076,1909f56bfc062723c751e8b465ee728b)
Start importing Packages/com.unity.textmeshpro/Editor Resources/Textures/btn_AlignCapLine_Light.psd using Guid(49679f302ac6408697f6b9314a38985c) Importer(815301076,1909f56bfc062723c751e8b465ee728b)  -> (artifact id: '6efc8cfa2ae487325f92229145200d73') in 0.020628 seconds
  Import took 0.023869 seconds .

========================================================================
Received Import Request.
  Time since last request: 0.000270 seconds.
  path: Packages/com.unity.textmeshpro/Editor Resources/Textures/btn_AlignMiddle.psd
  artifactKey: Guid(41b96614b2e6494ba995ddcd252d11ae) Importer(815301076,1909f56bfc062723c751e8b465ee728b)
Start importing Packages/com.unity.textmeshpro/Editor Resources/Textures/btn_AlignMiddle.psd using Guid(41b96614b2e6494ba995ddcd252d11ae) Importer(815301076,1909f56bfc062723c751e8b465ee728b)  -> (artifact id: 'a7d58765760d8ac8a7f3b80b683bdf18') in 0.016656 seconds
  Import took 0.019278 seconds .

========================================================================
Received Import Request.
  Time since last request: 0.000211 seconds.
  path: Packages/com.unity.collab-proxy/Editor/Assets/Icons/added-file-light.png
  artifactKey: Guid(397fff6c3885f8343bb65714f0064b5d) Importer(815301076,1909f56bfc062723c751e8b465ee728b)
Start importing Packages/com.unity.collab-proxy/Editor/Assets/Icons/added-file-light.png using Guid(397fff6c3885f8343bb65714f0064b5d) Importer(815301076,1909f56bfc062723c751e8b465ee728b)  -> (artifact id: '1c4ab9f24e64a8e738fdb3b74d2c6120') in 0.014965 seconds
  Import took 0.017459 seconds .

========================================================================
Received Import Request.
  Time since last request: 81.049351 seconds.
  path: Assets/Prefabs/Collector.prefab
  artifactKey: Guid(d14fcd6cbdef5924997ba12d67776142) Importer(815301076,1909f56bfc062723c751e8b465ee728b)
Start importing Assets/Prefabs/Collector.prefab using Guid(d14fcd6cbdef5924997ba12d67776142) Importer(815301076,1909f56bfc062723c751e8b465ee728b)  -> (artifact id: '3ebf8d436b2c39aae494f1973cdbdd55') in 0.105745 seconds
  Import took 0.108472 seconds .

========================================================================
Received Import Request.
  Time since last request: 267.652320 seconds.
  path: Assets/Materials/Sphere.prefab
  artifactKey: Guid(98c50f8c1e4cf1544a69d33c06153ba0) Importer(815301076,1909f56bfc062723c751e8b465ee728b)
Start importing Assets/Materials/Sphere.prefab using Guid(98c50f8c1e4cf1544a69d33c06153ba0) Importer(815301076,1909f56bfc062723c751e8b465ee728b)  -> (artifact id: '8986fe3639d05ca77f0c052bd6a9a873') in 0.104989 seconds
  Import took 0.120840 seconds .

========================================================================
Received Import Request.
  Time since last request: 17.658507 seconds.
  path: Assets/Prefabs/Sphere.prefab
  artifactKey: Guid(a07138b15b7c8dd4dba9b7c54fb8a520) Importer(815301076,1909f56bfc062723c751e8b465ee728b)
Start importing Assets/Prefabs/Sphere.prefab using Guid(a07138b15b7c8dd4dba9b7c54fb8a520) Importer(815301076,1909f56bfc062723c751e8b465ee728b)  -> (artifact id: '04fbbca0f097e940c865856c6427c5c8') in 0.047091 seconds
  Import took 0.052486 seconds .

========================================================================
Received Prepare
Registering precompiled user dll's ...
Registered in 0.001229 seconds.
Begin MonoManager ReloadAssembly
Native extension for WindowsStandalone target not found
Refreshing native plugins compatible for Editor in 0.42 ms, found 0 plugins.
Preloading 0 native plugins for Editor in 0.00 ms.
Mono: successfully reloaded assembly
- Completed reload, in  2.733 seconds
Platform modules already initialized, skipping
Refreshing native plugins compatible for Editor in 0.25 ms, found 0 plugins.
Preloading 0 native plugins for Editor in 0.00 ms.
Unloading 1114 Unused Serialized files (Serialized files now loaded: 0)
System memory in use before: 60.5 MB.
System memory in use after: 60.5 MB.

Unloading 6 unused Assets to reduce memory usage. Loaded Objects now: 1609.
Total: 4.465900 ms (FindLiveObjects: 0.278700 ms CreateObjectMapping: 0.178700 ms MarkObjects: 3.929200 ms  DeleteObjects: 0.076400 ms)

========================================================================
Received Prepare
Registering precompiled user dll's ...
Registered in 0.001068 seconds.
Begin MonoManager ReloadAssembly
Native extension for WindowsStandalone target not found
Refreshing native plugins compatible for Editor in 0.27 ms, found 0 plugins.
Preloading 0 native plugins for Editor in 0.00 ms.
Mono: successfully reloaded assembly
- Completed reload, in  1.524 seconds
Platform modules already initialized, skipping
Refreshing native plugins compatible for Editor in 0.31 ms, found 0 plugins.
Preloading 0 native plugins for Editor in 0.00 ms.
Unloading 1114 Unused Serialized files (Serialized files now loaded: 0)
System memory in use before: 60.5 MB.
System memory in use after: 60.5 MB.

Unloading 5 unused Assets to reduce memory usage. Loaded Objects now: 1612.
Total: 2.176700 ms (FindLiveObjects: 0.165900 ms CreateObjectMapping: 0.050500 ms MarkObjects: 1.901900 ms  DeleteObjects: 0.056400 ms)

========================================================================
Received Import Request.
  Time since last request: 340.425628 seconds.
  path: Assets/Prefabs/Cube.prefab
  artifactKey: Guid(e3cdefd4981248f48ad1b27c2e197137) Importer(815301076,1909f56bfc062723c751e8b465ee728b)
Start importing Assets/Prefabs/Cube.prefab using Guid(e3cdefd4981248f48ad1b27c2e197137) Importer(815301076,1909f56bfc062723c751e8b465ee728b)  -> (artifact id: '279b94be8511ba970d7ae3e8a5d1d315') in 0.134907 seconds
  Import took 0.138407 seconds .

========================================================================
Received Prepare
Registering precompiled user dll's ...
Registered in 0.001310 seconds.
Begin MonoManager ReloadAssembly
Native extension for WindowsStandalone target not found
Refreshing native plugins compatible for Editor in 0.40 ms, found 0 plugins.
Preloading 0 native plugins for Editor in 0.00 ms.
Mono: successfully reloaded assembly
- Completed reload, in  1.953 seconds
Platform modules already initialized, skipping
Refreshing native plugins compatible for Editor in 0.24 ms, found 0 plugins.
Preloading 0 native plugins for Editor in 0.00 ms.
Unloading 1114 Unused Serialized files (Serialized files now loaded: 0)
System memory in use before: 60.5 MB.
System memory in use after: 60.6 MB.

Unloading 5 unused Assets to reduce memory usage. Loaded Objects now: 1616.
Total: 3.425500 ms (FindLiveObjects: 0.255600 ms CreateObjectMapping: 0.073400 ms MarkObjects: 2.984100 ms  DeleteObjects: 0.109700 ms)

========================================================================
Received Prepare
Registering precompiled user dll's ...
Registered in 0.001448 seconds.
Begin MonoManager ReloadAssembly
Native extension for WindowsStandalone target not found
Refreshing native plugins compatible for Editor in 0.34 ms, found 0 plugins.
Preloading 0 native plugins for Editor in 0.00 ms.
Mono: successfully reloaded assembly
- Completed reload, in  1.787 seconds
Platform modules already initialized, skipping
Refreshing native plugins compatible for Editor in 0.51 ms, found 0 plugins.
Preloading 0 native plugins for Editor in 0.00 ms.
Unloading 1115 Unused Serialized files (Serialized files now loaded: 0)
System memory in use before: 60.5 MB.
System memory in use after: 60.6 MB.

Unloading 5 unused Assets to reduce memory usage. Loaded Objects now: 1620.
Total: 4.200000 ms (FindLiveObjects: 0.359000 ms CreateObjectMapping: 0.141800 ms MarkObjects: 3.537900 ms  DeleteObjects: 0.158900 ms)

========================================================================
Received Import Request.
  Time since last request: 928.926772 seconds.
  path: Assets/PreviousPlan
  artifactKey: Guid(f923471b93b51e84b96ae0d8c56577c8) Importer(815301076,1909f56bfc062723c751e8b465ee728b)
Start importing Assets/PreviousPlan using Guid(f923471b93b51e84b96ae0d8c56577c8) Importer(815301076,1909f56bfc062723c751e8b465ee728b)  -> (artifact id: 'c4d581bdf9016ab8b8820d6cf3b1905f') in 0.031815 seconds
  Import took 0.048297 seconds .

========================================================================
Received Prepare
Registering precompiled user dll's ...
Registered in 0.001438 seconds.
Begin MonoManager ReloadAssembly
Native extension for WindowsStandalone target not found
Refreshing native plugins compatible for Editor in 0.21 ms, found 0 plugins.
Preloading 0 native plugins for Editor in 0.00 ms.
Mono: successfully reloaded assembly
- Completed reload, in  2.020 seconds
Platform modules already initialized, skipping
Refreshing native plugins compatible for Editor in 0.86 ms, found 0 plugins.
Preloading 0 native plugins for Editor in 0.00 ms.
Unloading 1115 Unused Serialized files (Serialized files now loaded: 0)
System memory in use before: 60.5 MB.
System memory in use after: 60.6 MB.

Unloading 5 unused Assets to reduce memory usage. Loaded Objects now: 1623.
Total: 1.730300 ms (FindLiveObjects: 0.257000 ms CreateObjectMapping: 0.031700 ms MarkObjects: 1.389700 ms  DeleteObjects: 0.050700 ms)

========================================================================
Received Import Request.
  Time since last request: 316.630359 seconds.
  path: Assets/NewPlan
  artifactKey: Guid(a2412e6396d9f594a95930628fceffca) Importer(815301076,1909f56bfc062723c751e8b465ee728b)
Start importing Assets/NewPlan using Guid(a2412e6396d9f594a95930628fceffca) Importer(815301076,1909f56bfc062723c751e8b465ee728b)  -> (artifact id: '680cf7fc5a8d65efc58e1ed52660eff1') in 0.032036 seconds
  Import took 0.039665 seconds .

========================================================================
Received Import Request.
  Time since last request: 10.081943 seconds.
  path: Assets/NewPlan/_Scripts
  artifactKey: Guid(95c48d2e46346f04ba61ee1592e6b517) Importer(815301076,1909f56bfc062723c751e8b465ee728b)
Start importing Assets/NewPlan/_Scripts using Guid(95c48d2e46346f04ba61ee1592e6b517) Importer(815301076,1909f56bfc062723c751e8b465ee728b)  -> (artifact id: 'dc51a1ad7df981f9b1a0dd0245ebc05d') in 0.011203 seconds
  Import took 0.015224 seconds .

========================================================================
Received Import Request.
  Time since last request: 8.148119 seconds.
  path: Assets/NewPlan/Scenes
  artifactKey: Guid(87cb2c680f8ebf043a0e7c3e107d0c8f) Importer(815301076,1909f56bfc062723c751e8b465ee728b)
Start importing Assets/NewPlan/Scenes using Guid(87cb2c680f8ebf043a0e7c3e107d0c8f) Importer(815301076,1909f56bfc062723c751e8b465ee728b)  -> (artifact id: '34a977e07ce0f2efa88b8d80d403a64e') in 0.004470 seconds
  Import took 0.008138 seconds .

========================================================================
Received Import Request.
  Time since last request: 10.977718 seconds.
  path: Assets/NewPlan/Scenes/MainS.unity
  artifactKey: Guid(98884fbe81842a34c999ba3587eb3e33) Importer(815301076,1909f56bfc062723c751e8b465ee728b)
Start importing Assets/NewPlan/Scenes/MainS.unity using Guid(98884fbe81842a34c999ba3587eb3e33) Importer(815301076,1909f56bfc062723c751e8b465ee728b)  -> (artifact id: '7283f90cf08309b89d4d1f1b51296407') in 0.021748 seconds
  Import took 0.024448 seconds .

========================================================================
Received Import Request.
  Time since last request: 37.889526 seconds.
  path: Assets/NewPlan/_Scripts/Shapes.cs
  artifactKey: Guid(7b41eac72c545ca4db3d36e8d7a1b987) Importer(815301076,1909f56bfc062723c751e8b465ee728b)
Start importing Assets/NewPlan/_Scripts/Shapes.cs using Guid(7b41eac72c545ca4db3d36e8d7a1b987) Importer(815301076,1909f56bfc062723c751e8b465ee728b)  -> (artifact id: 'ee20d41b30eee00976a5d21f6c79e39f') in 0.014760 seconds
  Import took 0.019322 seconds .

========================================================================
Received Import Request.
  Time since last request: 0.042772 seconds.
  path: Assets/NewPlan/_Scripts/Shapes.cs
  artifactKey: Guid(7b41eac72c545ca4db3d36e8d7a1b987) Importer(815301076,1909f56bfc062723c751e8b465ee728b)
Start importing Assets/NewPlan/_Scripts/Shapes.cs using Guid(7b41eac72c545ca4db3d36e8d7a1b987) Importer(815301076,1909f56bfc062723c751e8b465ee728b)  -> (artifact id: 'ee20d41b30eee00976a5d21f6c79e39f') in 0.006206 seconds
  Import took 0.009877 seconds .

========================================================================
Received Prepare
Registering precompiled user dll's ...
Registered in 0.001543 seconds.
Begin MonoManager ReloadAssembly
Native extension for WindowsStandalone target not found
Refreshing native plugins compatible for Editor in 0.35 ms, found 0 plugins.
Preloading 0 native plugins for Editor in 0.00 ms.
Mono: successfully reloaded assembly
- Completed reload, in  2.267 seconds
Platform modules already initialized, skipping
Refreshing native plugins compatible for Editor in 0.27 ms, found 0 plugins.
Preloading 0 native plugins for Editor in 0.00 ms.
Unloading 1116 Unused Serialized files (Serialized files now loaded: 0)
System memory in use before: 60.5 MB.
System memory in use after: 60.6 MB.

Unloading 5 unused Assets to reduce memory usage. Loaded Objects now: 1627.
Total: 2.585300 ms (FindLiveObjects: 0.547600 ms CreateObjectMapping: 0.071000 ms MarkObjects: 1.911700 ms  DeleteObjects: 0.052800 ms)

========================================================================
Received Prepare
Registering precompiled user dll's ...
Registered in 0.000918 seconds.
Begin MonoManager ReloadAssembly
Native extension for WindowsStandalone target not found
Refreshing native plugins compatible for Editor in 0.22 ms, found 0 plugins.
Preloading 0 native plugins for Editor in 0.00 ms.
Mono: successfully reloaded assembly
- Completed reload, in  1.669 seconds
Platform modules already initialized, skipping
Refreshing native plugins compatible for Editor in 0.75 ms, found 0 plugins.
Preloading 0 native plugins for Editor in 0.00 ms.
Unloading 1116 Unused Serialized files (Serialized files now loaded: 0)
System memory in use before: 60.5 MB.
System memory in use after: 60.6 MB.

Unloading 5 unused Assets to reduce memory usage. Loaded Objects now: 1630.
Total: 10.084100 ms (FindLiveObjects: 0.436000 ms CreateObjectMapping: 0.183100 ms MarkObjects: 9.340500 ms  DeleteObjects: 0.121400 ms)

========================================================================
Received Import Request.
  Time since last request: 1721.404639 seconds.
  path: Assets/NewPlan/_Scripts/Shapes.cs
  artifactKey: Guid(7b41eac72c545ca4db3d36e8d7a1b987) Importer(815301076,1909f56bfc062723c751e8b465ee728b)
Start importing Assets/NewPlan/_Scripts/Shapes.cs using Guid(7b41eac72c545ca4db3d36e8d7a1b987) Importer(815301076,1909f56bfc062723c751e8b465ee728b)  -> (artifact id: '21d44eb99f4afd472778398966bbc8d6') in 0.009702 seconds
  Import took 0.013383 seconds .

========================================================================
Received Import Request.
  Time since last request: 12.910067 seconds.
  path: Assets/NewPlan/_Scripts/Squares.cs
  artifactKey: Guid(fd750348dd6f0ec4c8af9ab48d7142a5) Importer(815301076,1909f56bfc062723c751e8b465ee728b)
Start importing Assets/NewPlan/_Scripts/Squares.cs using Guid(fd750348dd6f0ec4c8af9ab48d7142a5) Importer(815301076,1909f56bfc062723c751e8b465ee728b)  -> (artifact id: 'aedccd4fe3089961c2b0f6e3e6539fd7') in 0.014158 seconds
  Import took 0.019426 seconds .

========================================================================
Received Import Request.
  Time since last request: 0.062861 seconds.
  path: Assets/NewPlan/_Scripts/Squares.cs
  artifactKey: Guid(fd750348dd6f0ec4c8af9ab48d7142a5) Importer(815301076,1909f56bfc062723c751e8b465ee728b)
Start importing Assets/NewPlan/_Scripts/Squares.cs using Guid(fd750348dd6f0ec4c8af9ab48d7142a5) Importer(815301076,1909f56bfc062723c751e8b465ee728b)  -> (artifact id: 'aedccd4fe3089961c2b0f6e3e6539fd7') in 0.020778 seconds
  Import took 0.040275 seconds .

========================================================================
Received Prepare
Registering precompiled user dll's ...
Registered in 0.000903 seconds.
Begin MonoManager ReloadAssembly
Native extension for WindowsStandalone target not found
Refreshing native plugins compatible for Editor in 0.35 ms, found 0 plugins.
Preloading 0 native plugins for Editor in 0.00 ms.
Mono: successfully reloaded assembly
- Completed reload, in  1.958 seconds
Platform modules already initialized, skipping
Refreshing native plugins compatible for Editor in 0.43 ms, found 0 plugins.
Preloading 0 native plugins for Editor in 0.00 ms.
Unloading 1117 Unused Serialized files (Serialized files now loaded: 0)
System memory in use before: 60.6 MB.
System memory in use after: 60.7 MB.

Unloading 5 unused Assets to reduce memory usage. Loaded Objects now: 1634.
Total: 7.248300 ms (FindLiveObjects: 1.130000 ms CreateObjectMapping: 0.126500 ms MarkObjects: 5.768500 ms  DeleteObjects: 0.214800 ms)

========================================================================
Received Prepare
Registering precompiled user dll's ...
Registered in 0.001935 seconds.
Begin MonoManager ReloadAssembly
Native extension for WindowsStandalone target not found
Refreshing native plugins compatible for Editor in 0.69 ms, found 0 plugins.
Preloading 0 native plugins for Editor in 0.00 ms.
Mono: successfully reloaded assembly
- Completed reload, in  2.085 seconds
Platform modules already initialized, skipping
Refreshing native plugins compatible for Editor in 0.23 ms, found 0 plugins.
Preloading 0 native plugins for Editor in 0.00 ms.
Unloading 1117 Unused Serialized files (Serialized files now loaded: 0)
System memory in use before: 60.6 MB.
System memory in use after: 60.7 MB.

Unloading 5 unused Assets to reduce memory usage. Loaded Objects now: 1637.
Total: 2.914300 ms (FindLiveObjects: 0.286700 ms CreateObjectMapping: 0.154300 ms MarkObjects: 2.402900 ms  DeleteObjects: 0.068100 ms)

========================================================================
Received Import Request.
  Time since last request: 20.408405 seconds.
  path: Assets/NewPlan/_Scripts/Circles.cs
  artifactKey: Guid(f5234cfac7f9c97409827dfb8402b256) Importer(815301076,1909f56bfc062723c751e8b465ee728b)
Start importing Assets/NewPlan/_Scripts/Circles.cs using Guid(f5234cfac7f9c97409827dfb8402b256) Importer(815301076,1909f56bfc062723c751e8b465ee728b)  -> (artifact id: 'f38d1f0dbde3b8b00403c6e8a562e962') in 0.030559 seconds
  Import took 0.039249 seconds .

========================================================================
Received Prepare
Registering precompiled user dll's ...
Registered in 0.001889 seconds.
Begin MonoManager ReloadAssembly
Native extension for WindowsStandalone target not found
Refreshing native plugins compatible for Editor in 0.63 ms, found 0 plugins.
Preloading 0 native plugins for Editor in 0.00 ms.
Mono: successfully reloaded assembly
- Completed reload, in  2.406 seconds
Platform modules already initialized, skipping
Refreshing native plugins compatible for Editor in 0.42 ms, found 0 plugins.
Preloading 0 native plugins for Editor in 0.00 ms.
Unloading 1118 Unused Serialized files (Serialized files now loaded: 0)
System memory in use before: 60.6 MB.
System memory in use after: 60.7 MB.

Unloading 5 unused Assets to reduce memory usage. Loaded Objects now: 1641.
Total: 5.622400 ms (FindLiveObjects: 0.564500 ms CreateObjectMapping: 0.143200 ms MarkObjects: 4.792300 ms  DeleteObjects: 0.119500 ms)

========================================================================
Received Prepare
Registering precompiled user dll's ...
Registered in 0.004719 seconds.
Begin MonoManager ReloadAssembly
Native extension for WindowsStandalone target not found
Refreshing native plugins compatible for Editor in 0.28 ms, found 0 plugins.
Preloading 0 native plugins for Editor in 0.00 ms.
Mono: successfully reloaded assembly
- Completed reload, in  1.691 seconds
Platform modules already initialized, skipping
Refreshing native plugins compatible for Editor in 0.24 ms, found 0 plugins.
Preloading 0 native plugins for Editor in 0.00 ms.
Unloading 1118 Unused Serialized files (Serialized files now loaded: 0)
System memory in use before: 60.6 MB.
System memory in use after: 60.7 MB.

Unloading 5 unused Assets to reduce memory usage. Loaded Objects now: 1644.
Total: 1.973200 ms (FindLiveObjects: 0.278700 ms CreateObjectMapping: 0.069100 ms MarkObjects: 1.536600 ms  DeleteObjects: 0.087000 ms)

========================================================================
Received Import Request.
  Time since last request: 1184.173552 seconds.
  path: Assets/Icons
  artifactKey: Guid(6e53826f9fb0a53449b0918fa6906481) Importer(815301076,1909f56bfc062723c751e8b465ee728b)
Start importing Assets/Icons using Guid(6e53826f9fb0a53449b0918fa6906481) Importer(815301076,1909f56bfc062723c751e8b465ee728b)  -> (artifact id: '6f14e58d09a3ee9ba112bd62597fe21e') in 0.035942 seconds
  Import took 0.041557 seconds .

========================================================================
Received Import Request.
  Time since last request: 0.001631 seconds.
  path: Assets/Icons
  artifactKey: Guid(6e53826f9fb0a53449b0918fa6906481) Importer(815301076,1909f56bfc062723c751e8b465ee728b)
Start importing Assets/Icons using Guid(6e53826f9fb0a53449b0918fa6906481) Importer(815301076,1909f56bfc062723c751e8b465ee728b)  -> (artifact id: '6f14e58d09a3ee9ba112bd62597fe21e') in 0.008738 seconds
  Import took 0.012604 seconds .

========================================================================
Received Import Request.
  Time since last request: 13.164903 seconds.
  path: Assets/Icons/Circle_Icon.png
  artifactKey: Guid(951dd172e428eae45addd1a4a878c6ae) Importer(815301076,1909f56bfc062723c751e8b465ee728b)
Start importing Assets/Icons/Circle_Icon.png using Guid(951dd172e428eae45addd1a4a878c6ae) Importer(815301076,1909f56bfc062723c751e8b465ee728b)  -> (artifact id: '1f813b616b30bc73328d5a4e9a3ef1f5') in 0.084240 seconds
  Import took 0.087967 seconds .

========================================================================
Received Import Request.
  Time since last request: 0.018510 seconds.
  path: Assets/Icons/Circle_Icon.png
  artifactKey: Guid(951dd172e428eae45addd1a4a878c6ae) Importer(815301076,1909f56bfc062723c751e8b465ee728b)
Start importing Assets/Icons/Circle_Icon.png using Guid(951dd172e428eae45addd1a4a878c6ae) Importer(815301076,1909f56bfc062723c751e8b465ee728b)  -> (artifact id: '1f813b616b30bc73328d5a4e9a3ef1f5') in 0.015145 seconds
  Import took 0.020943 seconds .

========================================================================
Received Import Request.
  Time since last request: 0.296589 seconds.
  path: Assets/Icons/Square_Icon.png
  artifactKey: Guid(e6bb59736f128364c8fda24bbb5024aa) Importer(815301076,1909f56bfc062723c751e8b465ee728b)
Start importing Assets/Icons/Square_Icon.png using Guid(e6bb59736f128364c8fda24bbb5024aa) Importer(815301076,1909f56bfc062723c751e8b465ee728b)  -> (artifact id: '68f5592167114e903c7ea1c215185f01') in 0.032290 seconds
  Import took 0.035694 seconds .

========================================================================
Received Import Request.
  Time since last request: 0.000880 seconds.
  path: Assets/Icons/Square_Icon.png
  artifactKey: Guid(e6bb59736f128364c8fda24bbb5024aa) Importer(815301076,1909f56bfc062723c751e8b465ee728b)
Start importing Assets/Icons/Square_Icon.png using Guid(e6bb59736f128364c8fda24bbb5024aa) Importer(815301076,1909f56bfc062723c751e8b465ee728b)  -> (artifact id: '68f5592167114e903c7ea1c215185f01') in 0.018919 seconds
  Import took 0.023532 seconds .

========================================================================
Received Import Request.
  Time since last request: 0.329112 seconds.
  path: Assets/Icons/Triangle_Icon.png
  artifactKey: Guid(82f9edb813fed024fac1f14da0abfd5a) Importer(815301076,1909f56bfc062723c751e8b465ee728b)
Start importing Assets/Icons/Triangle_Icon.png using Guid(82f9edb813fed024fac1f14da0abfd5a) Importer(815301076,1909f56bfc062723c751e8b465ee728b)  -> (artifact id: 'd96934a0e6ad5785d2fc669b12db9bc2') in 0.016613 seconds
  Import took 0.020601 seconds .

========================================================================
Received Import Request.
  Time since last request: 24.315884 seconds.
  path: Assets/Icons/Circle_Icon.png
  artifactKey: Guid(951dd172e428eae45addd1a4a878c6ae) Importer(815301076,1909f56bfc062723c751e8b465ee728b)
Start importing Assets/Icons/Circle_Icon.png using Guid(951dd172e428eae45addd1a4a878c6ae) Importer(815301076,1909f56bfc062723c751e8b465ee728b)  -> (artifact id: 'cea98fdeb6c16e748bd86bd90d0797a3') in 0.071332 seconds
  Import took 0.074881 seconds .

========================================================================
Received Import Request.
  Time since last request: 3.997090 seconds.
  path: Assets/Icons/Square_Icon.png
  artifactKey: Guid(e6bb59736f128364c8fda24bbb5024aa) Importer(815301076,1909f56bfc062723c751e8b465ee728b)
Start importing Assets/Icons/Square_Icon.png using Guid(e6bb59736f128364c8fda24bbb5024aa) Importer(815301076,1909f56bfc062723c751e8b465ee728b)  -> (artifact id: 'dc4932ca51a4f87ac9438652cd9d6492') in 0.058503 seconds
  Import took 0.065355 seconds .

========================================================================
Received Import Request.
  Time since last request: 0.000376 seconds.
  path: Assets/Icons/Triangle_Icon.png
  artifactKey: Guid(82f9edb813fed024fac1f14da0abfd5a) Importer(815301076,1909f56bfc062723c751e8b465ee728b)
Start importing Assets/Icons/Triangle_Icon.png using Guid(82f9edb813fed024fac1f14da0abfd5a) Importer(815301076,1909f56bfc062723c751e8b465ee728b)  -> (artifact id: 'a6bd6afd4d267adfbf5fad6ffc8a0c71') in 0.033263 seconds
  Import took 0.039126 seconds .

========================================================================
Received Import Request.
  Time since last request: 0.000389 seconds.
  path: Assets/Icons/Square_Icon.png
  artifactKey: Guid(e6bb59736f128364c8fda24bbb5024aa) Importer(815301076,1909f56bfc062723c751e8b465ee728b)
Start importing Assets/Icons/Square_Icon.png using Guid(e6bb59736f128364c8fda24bbb5024aa) Importer(815301076,1909f56bfc062723c751e8b465ee728b)  -> (artifact id: 'dc4932ca51a4f87ac9438652cd9d6492') in 0.023606 seconds
  Import took 0.028788 seconds .

========================================================================
Received Import Request.
  Time since last request: 0.045126 seconds.
  path: Assets/Icons/Triangle_Icon.png
  artifactKey: Guid(82f9edb813fed024fac1f14da0abfd5a) Importer(815301076,1909f56bfc062723c751e8b465ee728b)
Start importing Assets/Icons/Triangle_Icon.png using Guid(82f9edb813fed024fac1f14da0abfd5a) Importer(815301076,1909f56bfc062723c751e8b465ee728b)  -> (artifact id: 'a6bd6afd4d267adfbf5fad6ffc8a0c71') in 0.036593 seconds
  Import took 0.040083 seconds .

========================================================================
Received Import Request.
  Time since last request: 283.400096 seconds.
  path: Assets/Icons/Triangle_Icon.png
  artifactKey: Guid(f76fbf1b81df6a04aa954822e4329af2) Importer(815301076,1909f56bfc062723c751e8b465ee728b)
Start importing Assets/Icons/Triangle_Icon.png using Guid(f76fbf1b81df6a04aa954822e4329af2) Importer(815301076,1909f56bfc062723c751e8b465ee728b)  -> (artifact id: '32341afe8c2af1262d397d509c1e3574') in 0.080202 seconds
  Import took 0.084312 seconds .

========================================================================
Received Import Request.
  Time since last request: 0.001049 seconds.
  path: Assets/Icons/Triangle_Icon.png
  artifactKey: Guid(f76fbf1b81df6a04aa954822e4329af2) Importer(815301076,1909f56bfc062723c751e8b465ee728b)
Start importing Assets/Icons/Triangle_Icon.png using Guid(f76fbf1b81df6a04aa954822e4329af2) Importer(815301076,1909f56bfc062723c751e8b465ee728b)  -> (artifact id: '32341afe8c2af1262d397d509c1e3574') in 0.035412 seconds
  Import took 0.044112 seconds .

========================================================================
Received Import Request.
  Time since last request: 15.356976 seconds.
  path: Assets/Icons/Triangle_Icon.png
  artifactKey: Guid(f76fbf1b81df6a04aa954822e4329af2) Importer(815301076,1909f56bfc062723c751e8b465ee728b)
Start importing Assets/Icons/Triangle_Icon.png using Guid(f76fbf1b81df6a04aa954822e4329af2) Importer(815301076,1909f56bfc062723c751e8b465ee728b)  -> (artifact id: '2c0ffd7b6e4a408952fa1398927d9839') in 0.063867 seconds
  Import took 0.069312 seconds .

========================================================================
Received Import Request.
  Time since last request: 0.030142 seconds.
  path: Assets/Icons/Triangle_Icon.png
  artifactKey: Guid(f76fbf1b81df6a04aa954822e4329af2) Importer(815301076,1909f56bfc062723c751e8b465ee728b)
Start importing Assets/Icons/Triangle_Icon.png using Guid(f76fbf1b81df6a04aa954822e4329af2) Importer(815301076,1909f56bfc062723c751e8b465ee728b)  -> (artifact id: '2c0ffd7b6e4a408952fa1398927d9839') in 0.034697 seconds
  Import took 0.042900 seconds .

========================================================================
Received Import Request.
  Time since last request: 191.120115 seconds.
  path: Assets/Icons/Circle_Icon.png
  artifactKey: Guid(951dd172e428eae45addd1a4a878c6ae) Importer(815301076,1909f56bfc062723c751e8b465ee728b)
Start importing Assets/Icons/Circle_Icon.png using Guid(951dd172e428eae45addd1a4a878c6ae) Importer(815301076,1909f56bfc062723c751e8b465ee728b)  -> (artifact id: 'f8b0d983497d0babec82bbb772ea2b8c') in 0.043030 seconds
  Import took 0.052137 seconds .

========================================================================
Received Import Request.
  Time since last request: 63.062024 seconds.
  path: Assets/Icons/Circle_Icon.png
  artifactKey: Guid(15c1100eb365dcd4d94144c92328d18c) Importer(815301076,1909f56bfc062723c751e8b465ee728b)
Start importing Assets/Icons/Circle_Icon.png using Guid(15c1100eb365dcd4d94144c92328d18c) Importer(815301076,1909f56bfc062723c751e8b465ee728b)  -> (artifact id: 'c54aa648ccda3f349e7ddd4dc3d6d71a') in 0.083450 seconds
  Import took 0.098818 seconds .

========================================================================
Received Import Request.
  Time since last request: 7.608174 seconds.
  path: Assets/Icons/Circle_Icon.png
  artifactKey: Guid(15c1100eb365dcd4d94144c92328d18c) Importer(815301076,1909f56bfc062723c751e8b465ee728b)
Start importing Assets/Icons/Circle_Icon.png using Guid(15c1100eb365dcd4d94144c92328d18c) Importer(815301076,1909f56bfc062723c751e8b465ee728b)  -> (artifact id: 'dc52bfd0a0ebd68619870db524fa6fb4') in 0.159028 seconds
  Import took 0.218895 seconds .

========================================================================
Received Import Request.
  Time since last request: 92.439032 seconds.
  path: Assets/Material
  artifactKey: Guid(17f32b7761738844ebfa57457333d0fd) Importer(815301076,1909f56bfc062723c751e8b465ee728b)
Start importing Assets/Material using Guid(17f32b7761738844ebfa57457333d0fd) Importer(815301076,1909f56bfc062723c751e8b465ee728b)  -> (artifact id: '8f6b01cfa4edfc042e747be95675e6d5') in 0.034640 seconds
  Import took 0.045786 seconds .

========================================================================
Received Import Request.
  Time since last request: 395.281545 seconds.
  path: Assets/NewPlan/_Scripts/Shapes.cs
  artifactKey: Guid(7b41eac72c545ca4db3d36e8d7a1b987) Importer(815301076,1909f56bfc062723c751e8b465ee728b)
Start importing Assets/NewPlan/_Scripts/Shapes.cs using Guid(7b41eac72c545ca4db3d36e8d7a1b987) Importer(815301076,1909f56bfc062723c751e8b465ee728b)  -> (artifact id: '28f96e98a504552ac7d64138ca988a50') in 0.013410 seconds
  Import took 0.016760 seconds .

========================================================================
Received Import Request.
  Time since last request: 0.368680 seconds.
  path: Assets/NewPlan/_Scripts/Squares.cs
  artifactKey: Guid(fd750348dd6f0ec4c8af9ab48d7142a5) Importer(815301076,1909f56bfc062723c751e8b465ee728b)
Start importing Assets/NewPlan/_Scripts/Squares.cs using Guid(fd750348dd6f0ec4c8af9ab48d7142a5) Importer(815301076,1909f56bfc062723c751e8b465ee728b)  -> (artifact id: '78d257d82ebf5134d408bb1f9aab3eb9') in 0.010655 seconds
  Import took 0.014327 seconds .

========================================================================
Received Import Request.
  Time since last request: 72.274516 seconds.
  path: Assets/NewPlan/_Scripts/Triangle.cs
  artifactKey: Guid(cead523fe2b20684f90fd52a53a6fb0e) Importer(815301076,1909f56bfc062723c751e8b465ee728b)
Start importing Assets/NewPlan/_Scripts/Triangle.cs using Guid(cead523fe2b20684f90fd52a53a6fb0e) Importer(815301076,1909f56bfc062723c751e8b465ee728b)  -> (artifact id: '5ef94953b8bd482c545f3e30dfbbad1e') in 0.021727 seconds
  Import took 0.027288 seconds .

========================================================================
Received Prepare
Registering precompiled user dll's ...
Registered in 0.000899 seconds.
Begin MonoManager ReloadAssembly
Native extension for WindowsStandalone target not found
Refreshing native plugins compatible for Editor in 0.42 ms, found 0 plugins.
Preloading 0 native plugins for Editor in 0.00 ms.
Mono: successfully reloaded assembly
- Completed reload, in  2.534 seconds
Platform modules already initialized, skipping
Refreshing native plugins compatible for Editor in 0.45 ms, found 0 plugins.
Preloading 0 native plugins for Editor in 0.00 ms.
Unloading 1119 Unused Serialized files (Serialized files now loaded: 0)
System memory in use before: 60.7 MB.
System memory in use after: 60.7 MB.

Unloading 5 unused Assets to reduce memory usage. Loaded Objects now: 1651.
Total: 4.945800 ms (FindLiveObjects: 0.846200 ms CreateObjectMapping: 0.127500 ms MarkObjects: 3.806400 ms  DeleteObjects: 0.161700 ms)

========================================================================
Received Prepare
Registering precompiled user dll's ...
Registered in 0.002274 seconds.
Begin MonoManager ReloadAssembly
Native extension for WindowsStandalone target not found
Refreshing native plugins compatible for Editor in 0.44 ms, found 0 plugins.
Preloading 0 native plugins for Editor in 0.00 ms.
Mono: successfully reloaded assembly
- Completed reload, in  1.967 seconds
Platform modules already initialized, skipping
Refreshing native plugins compatible for Editor in 0.42 ms, found 0 plugins.
Preloading 0 native plugins for Editor in 0.00 ms.
Unloading 1119 Unused Serialized files (Serialized files now loaded: 0)
System memory in use before: 60.7 MB.
System memory in use after: 60.8 MB.

Unloading 5 unused Assets to reduce memory usage. Loaded Objects now: 1654.
Total: 2.404500 ms (FindLiveObjects: 0.207800 ms CreateObjectMapping: 0.049900 ms MarkObjects: 2.085400 ms  DeleteObjects: 0.059700 ms)

========================================================================
Received Import Request.
  Time since last request: 46.886057 seconds.
  path: Assets/NewPlan/_Scripts/Triangle.cs
  artifactKey: Guid(cead523fe2b20684f90fd52a53a6fb0e) Importer(815301076,1909f56bfc062723c751e8b465ee728b)
Start importing Assets/NewPlan/_Scripts/Triangle.cs using Guid(cead523fe2b20684f90fd52a53a6fb0e) Importer(815301076,1909f56bfc062723c751e8b465ee728b)  -> (artifact id: '8baceaecd95433b6c0b5d3aacbab85cf') in 0.010705 seconds
  Import took 0.015747 seconds .

========================================================================
Received Prepare
Registering precompiled user dll's ...
Registered in 0.001964 seconds.
Begin MonoManager ReloadAssembly
Native extension for WindowsStandalone target not found
Refreshing native plugins compatible for Editor in 0.26 ms, found 0 plugins.
Preloading 0 native plugins for Editor in 0.00 ms.
Mono: successfully reloaded assembly
- Completed reload, in  1.721 seconds
Platform modules already initialized, skipping
Refreshing native plugins compatible for Editor in 0.33 ms, found 0 plugins.
Preloading 0 native plugins for Editor in 0.00 ms.
Unloading 1119 Unused Serialized files (Serialized files now loaded: 0)
System memory in use before: 60.7 MB.
System memory in use after: 60.8 MB.

Unloading 5 unused Assets to reduce memory usage. Loaded Objects now: 1657.
Total: 2.825300 ms (FindLiveObjects: 0.309000 ms CreateObjectMapping: 0.073300 ms MarkObjects: 2.331200 ms  DeleteObjects: 0.109100 ms)

========================================================================
Received Prepare
Registering precompiled user dll's ...
Registered in 0.002526 seconds.
Begin MonoManager ReloadAssembly
Native extension for WindowsStandalone target not found
Refreshing native plugins compatible for Editor in 2.32 ms, found 0 plugins.
Preloading 0 native plugins for Editor in 0.00 ms.
Mono: successfully reloaded assembly
- Completed reload, in  1.951 seconds
Platform modules already initialized, skipping
Refreshing native plugins compatible for Editor in 0.24 ms, found 0 plugins.
Preloading 0 native plugins for Editor in 0.00 ms.
Unloading 1119 Unused Serialized files (Serialized files now loaded: 0)
System memory in use before: 60.7 MB.
System memory in use after: 60.8 MB.

Unloading 5 unused Assets to reduce memory usage. Loaded Objects now: 1660.
Total: 5.297700 ms (FindLiveObjects: 0.239400 ms CreateObjectMapping: 0.054300 ms MarkObjects: 4.780900 ms  DeleteObjects: 0.220500 ms)

========================================================================
Received Prepare
Registering precompiled user dll's ...
Registered in 0.001874 seconds.
Begin MonoManager ReloadAssembly
Native extension for WindowsStandalone target not found
Refreshing native plugins compatible for Editor in 0.29 ms, found 0 plugins.
Preloading 0 native plugins for Editor in 0.00 ms.
Mono: successfully reloaded assembly
- Completed reload, in  2.371 seconds
Platform modules already initialized, skipping
Refreshing native plugins compatible for Editor in 1.11 ms, found 0 plugins.
Preloading 0 native plugins for Editor in 0.00 ms.
Unloading 1119 Unused Serialized files (Serialized files now loaded: 0)
System memory in use before: 60.7 MB.
System memory in use after: 60.8 MB.

Unloading 5 unused Assets to reduce memory usage. Loaded Objects now: 1663.
Total: 4.630900 ms (FindLiveObjects: 0.701500 ms CreateObjectMapping: 0.360200 ms MarkObjects: 3.371700 ms  DeleteObjects: 0.193700 ms)

========================================================================
Received Import Request.
  Time since last request: 2685.983871 seconds.
  path: Packages/com.unity.collab-proxy/Editor/Assets/Styles/AlertBox.uss
  artifactKey: Guid(85516056fd2579c45b10c08bc3c52a08) Importer(815301076,1909f56bfc062723c751e8b465ee728b)
Start importing Packages/com.unity.collab-proxy/Editor/Assets/Styles/AlertBox.uss using Guid(85516056fd2579c45b10c08bc3c52a08) Importer(815301076,1909f56bfc062723c751e8b465ee728b)  -> (artifact id: 'd8870ac6189058902035690cb334344d') in 0.075034 seconds
  Import took 0.084556 seconds .

========================================================================
Received Import Request.
  Time since last request: 0.001027 seconds.
  path: Packages/com.unity.collab-proxy/Editor/Assets/Layouts/AlertBox.uxml
  artifactKey: Guid(13d7e179675caff4293e8d5c7fb1dda8) Importer(815301076,1909f56bfc062723c751e8b465ee728b)
Start importing Packages/com.unity.collab-proxy/Editor/Assets/Layouts/AlertBox.uxml using Guid(13d7e179675caff4293e8d5c7fb1dda8) Importer(815301076,1909f56bfc062723c751e8b465ee728b)  -> (artifact id: '4f1512ef8b56a53ae8beb844df423b5a') in 0.050161 seconds
  Import took 0.056626 seconds .

========================================================================
Received Prepare
Registering precompiled user dll's ...
Registered in 0.005605 seconds.
Begin MonoManager ReloadAssembly
Native extension for WindowsStandalone target not found
Refreshing native plugins compatible for Editor in 0.33 ms, found 0 plugins.
Preloading 0 native plugins for Editor in 0.00 ms.
Mono: successfully reloaded assembly
- Completed reload, in  2.001 seconds
Platform modules already initialized, skipping
Refreshing native plugins compatible for Editor in 0.31 ms, found 0 plugins.
Preloading 0 native plugins for Editor in 0.00 ms.
Unloading 1119 Unused Serialized files (Serialized files now loaded: 0)
System memory in use before: 60.7 MB.
System memory in use after: 60.8 MB.

Unloading 5 unused Assets to reduce memory usage. Loaded Objects now: 1666.
Total: 5.697700 ms (FindLiveObjects: 0.178200 ms CreateObjectMapping: 0.045000 ms MarkObjects: 5.386100 ms  DeleteObjects: 0.086400 ms)

========================================================================
Received Prepare
Registering precompiled user dll's ...
Registered in 0.002533 seconds.
Begin MonoManager ReloadAssembly
Native extension for WindowsStandalone target not found
Refreshing native plugins compatible for Editor in 2.36 ms, found 0 plugins.
Preloading 0 native plugins for Editor in 0.00 ms.
Mono: successfully reloaded assembly
- Completed reload, in  1.812 seconds
Platform modules already initialized, skipping
Refreshing native plugins compatible for Editor in 0.23 ms, found 0 plugins.
Preloading 0 native plugins for Editor in 0.00 ms.
Unloading 1119 Unused Serialized files (Serialized files now loaded: 0)
System memory in use before: 60.7 MB.
System memory in use after: 60.8 MB.

Unloading 5 unused Assets to reduce memory usage. Loaded Objects now: 1669.
Total: 4.771000 ms (FindLiveObjects: 1.823300 ms CreateObjectMapping: 0.168300 ms MarkObjects: 2.692700 ms  DeleteObjects: 0.081100 ms)

========================================================================
Received Prepare
Registering precompiled user dll's ...
Registered in 0.011817 seconds.
Begin MonoManager ReloadAssembly
Native extension for WindowsStandalone target not found
Refreshing native plugins compatible for Editor in 0.93 ms, found 0 plugins.
Preloading 0 native plugins for Editor in 0.00 ms.
Mono: successfully reloaded assembly
- Completed reload, in  9.850 seconds
Platform modules already initialized, skipping
Refreshing native plugins compatible for Editor in 1.31 ms, found 0 plugins.
Preloading 0 native plugins for Editor in 0.00 ms.
Unloading 1119 Unused Serialized files (Serialized files now loaded: 0)
System memory in use before: 60.7 MB.
System memory in use after: 60.8 MB.

Unloading 5 unused Assets to reduce memory usage. Loaded Objects now: 1672.
Total: 6.990600 ms (FindLiveObjects: 0.259300 ms CreateObjectMapping: 0.067500 ms MarkObjects: 6.463100 ms  DeleteObjects: 0.197800 ms)

========================================================================
Received Prepare
Registering precompiled user dll's ...
Registered in 0.001535 seconds.
Begin MonoManager ReloadAssembly
Native extension for WindowsStandalone target not found
Refreshing native plugins compatible for Editor in 0.38 ms, found 0 plugins.
Preloading 0 native plugins for Editor in 0.00 ms.
Mono: successfully reloaded assembly
- Completed reload, in  2.878 seconds
Platform modules already initialized, skipping
Refreshing native plugins compatible for Editor in 0.38 ms, found 0 plugins.
Preloading 0 native plugins for Editor in 0.00 ms.
Unloading 1119 Unused Serialized files (Serialized files now loaded: 0)
System memory in use before: 60.8 MB.
System memory in use after: 60.8 MB.

Unloading 5 unused Assets to reduce memory usage. Loaded Objects now: 1675.
Total: 4.878500 ms (FindLiveObjects: 0.564100 ms CreateObjectMapping: 0.127900 ms MarkObjects: 4.025700 ms  DeleteObjects: 0.157100 ms)

========================================================================
Received Prepare
Registering precompiled user dll's ...
Registered in 0.001911 seconds.
Begin MonoManager ReloadAssembly
Native extension for WindowsStandalone target not found
Refreshing native plugins compatible for Editor in 0.35 ms, found 0 plugins.
Preloading 0 native plugins for Editor in 0.00 ms.
Mono: successfully reloaded assembly
- Completed reload, in  3.628 seconds
Platform modules already initialized, skipping
Refreshing native plugins compatible for Editor in 0.81 ms, found 0 plugins.
Preloading 0 native plugins for Editor in 0.00 ms.
Unloading 1116 Unused Serialized files (Serialized files now loaded: 0)
System memory in use before: 60.7 MB.
System memory in use after: 60.8 MB.

Unloading 5 unused Assets to reduce memory usage. Loaded Objects now: 1675.
Total: 26.801900 ms (FindLiveObjects: 2.028500 ms CreateObjectMapping: 0.253800 ms MarkObjects: 24.408400 ms  DeleteObjects: 0.105000 ms)

========================================================================
Received Prepare
Registering precompiled user dll's ...
Registered in 0.004568 seconds.
Begin MonoManager ReloadAssembly
Native extension for WindowsStandalone target not found
Refreshing native plugins compatible for Editor in 0.45 ms, found 0 plugins.
Preloading 0 native plugins for Editor in 0.00 ms.
Mono: successfully reloaded assembly
- Completed reload, in  6.552 seconds
Platform modules already initialized, skipping
Refreshing native plugins compatible for Editor in 0.53 ms, found 0 plugins.
Preloading 0 native plugins for Editor in 0.00 ms.
Unloading 1115 Unused Serialized files (Serialized files now loaded: 0)
System memory in use before: 60.7 MB.
System memory in use after: 60.7 MB.

Unloading 6 unused Assets to reduce memory usage. Loaded Objects now: 1677.
Total: 5.010500 ms (FindLiveObjects: 0.293800 ms CreateObjectMapping: 0.065600 ms MarkObjects: 4.005200 ms  DeleteObjects: 0.641500 ms)

========================================================================
Received Import Request.
  Time since last request: 1411.984935 seconds.
  path: Assets/PreviousPlan/_Scripts/Object.cs
  artifactKey: Guid(953a35266ffb9f84995a224b545af7e9) Importer(815301076,1909f56bfc062723c751e8b465ee728b)
Start importing Assets/PreviousPlan/_Scripts/Object.cs using Guid(953a35266ffb9f84995a224b545af7e9) Importer(815301076,1909f56bfc062723c751e8b465ee728b)  -> (artifact id: '4e56991ba8256de8850405f351d48175') in 0.022251 seconds
  Import took 0.034811 seconds .

========================================================================
Received Import Request.
  Time since last request: 0.008419 seconds.
  path: Assets/PreviousPlan/_Scripts/Object.cs
  artifactKey: Guid(953a35266ffb9f84995a224b545af7e9) Importer(815301076,1909f56bfc062723c751e8b465ee728b)
Start importing Assets/PreviousPlan/_Scripts/Object.cs using Guid(953a35266ffb9f84995a224b545af7e9) Importer(815301076,1909f56bfc062723c751e8b465ee728b)  -> (artifact id: '4e56991ba8256de8850405f351d48175') in 0.016582 seconds
  Import took 0.025556 seconds .

========================================================================
Received Prepare
Registering precompiled user dll's ...
Registered in 0.000933 seconds.
Begin MonoManager ReloadAssembly
Native extension for WindowsStandalone target not found
Refreshing native plugins compatible for Editor in 0.60 ms, found 0 plugins.
Preloading 0 native plugins for Editor in 0.00 ms.
Mono: successfully reloaded assembly
- Completed reload, in  8.372 seconds
Platform modules already initialized, skipping
Refreshing native plugins compatible for Editor in 0.46 ms, found 0 plugins.
Preloading 0 native plugins for Editor in 0.00 ms.
Unloading 1119 Unused Serialized files (Serialized files now loaded: 0)
System memory in use before: 60.8 MB.
System memory in use after: 60.8 MB.

Unloading 5 unused Assets to reduce memory usage. Loaded Objects now: 1684.
Total: 3.192900 ms (FindLiveObjects: 0.325000 ms CreateObjectMapping: 0.073300 ms MarkObjects: 2.619500 ms  DeleteObjects: 0.173200 ms)

AssetImportWorkerClient::OnTransportError - code=2 error=End of file
